#
# There is insufficient memory for the Java Runtime Environment to continue.
# Native memory allocation (malloc) failed to allocate 2078576 bytes. Error detail: Chunk::new
# Possible reasons:
#   The system is out of physical RAM or swap space
#   This process is running with CompressedOops enabled, and the Java Heap may be blocking the growth of the native heap
# Possible solutions:
#   Reduce memory load on the system
#   Increase physical memory or swap space
#   Check if swap backing store is full
#   Decrease Java heap size (-Xmx/-Xms)
#   Decrease number of Java threads
#   Decrease Java thread stack sizes (-Xss)
#   Set larger code cache with -XX:ReservedCodeCacheSize=
#   JVM is running with Unscaled Compressed Oops mode in which the Java heap is
#     placed in the first 4GB address space. The Java Heap base address is the
#     maximum limit for the native heap growth. Please use -XX:HeapBaseMinAddress
#     to set the Java Heap base and to place the Java Heap above 4GB virtual address.
# This output file may be truncated or incomplete.
#
#  Out of Memory Error (arena.cpp:191), pid=17488, tid=16812
#
# JRE version: OpenJDK Runtime Environment Zulu17.58+21-CA (17.0.15+6) (build 17.0.15+6-LTS)
# Java VM: OpenJDK 64-Bit Server VM Zulu17.58+21-CA (17.0.15+6-LTS, mixed mode, sharing, tiered, compressed oops, compressed class ptrs, g1 gc, windows-amd64)
# No core dump will be written. Minidumps are not enabled by default on client versions of Windows
#

---------------  S U M M A R Y ------------

Command Line: --add-opens=java.base/java.lang=ALL-UNNAMED --add-opens=java.base/java.lang.invoke=ALL-UNNAMED --add-opens=java.base/java.util=ALL-UNNAMED --add-opens=java.prefs/java.util.prefs=ALL-UNNAMED --add-exports=jdk.compiler/com.sun.tools.javac.api=ALL-UNNAMED --add-exports=jdk.compiler/com.sun.tools.javac.util=ALL-UNNAMED --add-opens=java.base/java.util=ALL-UNNAMED --add-opens=java.prefs/java.util.prefs=ALL-UNNAMED --add-opens=java.base/java.nio.charset=ALL-UNNAMED --add-opens=java.base/java.net=ALL-UNNAMED --add-opens=java.base/java.util.concurrent.atomic=ALL-UNNAMED --add-opens=java.xml/javax.xml.namespace=ALL-UNNAMED -XX:MaxMetaspaceSize=512m -Xmx2048m -Dfile.encoding=windows-1252 -Duser.country=BR -Duser.language=pt -Duser.variant -javaagent:C:\Users\besto\.gradle\wrapper\dists\gradle-8.14.1-bin\baw1sv0jfoi8rxs14qo3h49cs\gradle-8.14.1\lib\agents\gradle-instrumentation-agent-8.14.1.jar org.gradle.launcher.daemon.bootstrap.GradleDaemon 8.14.1

Host: AMD Ryzen 7 5800H with Radeon Graphics         , 16 cores, 15G,  Windows 11 , 64 bit Build 26100 (10.0.26100.4202)
Time: Sun Jun 29 15:54:47 2025 Hora oficial do Brasil elapsed time: 16.479127 seconds (0d 0h 0m 16s)

---------------  T H R E A D  ---------------

Current thread (0x00000174343438d0):  JavaThread "C2 CompilerThread0" daemon [_thread_in_native, id=16812, stack(0x0000006794600000,0x0000006794700000)]


Current CompileTask:
C2:  16479 9566       4       org.gradle.internal.instantiation.generator.AbstractClassGenerator::inspectType (602 bytes)

Stack: [0x0000006794600000,0x0000006794700000]
Native frames: (J=compiled Java code, j=interpreted, Vv=VM code, C=native code)
V  [jvm.dll+0x685b79]
V  [jvm.dll+0x83d7fa]
V  [jvm.dll+0x83f2be]
V  [jvm.dll+0x83f923]
V  [jvm.dll+0x24c54f]
V  [jvm.dll+0xaca54]
V  [jvm.dll+0xad09c]
V  [jvm.dll+0x36c3d7]
V  [jvm.dll+0x1bda92]
V  [jvm.dll+0x21b2e9]
V  [jvm.dll+0x21a5d1]
V  [jvm.dll+0x1a5fad]
V  [jvm.dll+0x22a34e]
V  [jvm.dll+0x2284cc]
V  [jvm.dll+0x7f26f7]
V  [jvm.dll+0x7ecc0c]
V  [jvm.dll+0x684a47]
C  [ucrtbase.dll+0x37b0]
C  [KERNEL32.DLL+0x2e8d7]
C  [ntdll.dll+0x3c34c]


---------------  P R O C E S S  ---------------

Threads class SMR info:
_java_thread_list=0x00000174583d31e0, length=108, elements={
0x00000174149eed40, 0x00000174341beaa0, 0x000001743431ac30, 0x000001743432cf60,
0x000001743432f840, 0x0000017434332c90, 0x00000174343340d0, 0x00000174343438d0,
0x0000017434364d60, 0x000001743436e9b0, 0x0000017434467310, 0x00000174344751c0,
0x00000174344777a0, 0x0000017434498200, 0x00000174345cc920, 0x0000017454bf7630,
0x00000174555764e0, 0x0000017455445090, 0x0000017455433070, 0x0000017455434130,
0x00000174554c7c80, 0x00000174554ce890, 0x000001745551eb00, 0x0000017455521380,
0x000001745551f010, 0x000001745551f520, 0x000001745551fa30, 0x000001745551e5f0,
0x000001745551dbd0, 0x0000017455520960, 0x0000017455520e70, 0x000001745551e0e0,
0x0000017456a66d50, 0x0000017456a67260, 0x0000017456a68bb0, 0x0000017456a6c870,
0x0000017456a6a500, 0x0000017456a69ae0, 0x0000017456a6d7a0, 0x0000017456a6aa10,
0x0000017456a6af20, 0x0000017456a6c360, 0x0000017456a6b430, 0x0000017456a6b940,
0x0000017455ee6c80, 0x0000017455ee4910, 0x0000017455ee7190, 0x0000017455ee5330,
0x0000017455ee76a0, 0x0000017455ee5840, 0x0000017455ee85d0, 0x0000017455ee8ff0,
0x0000017455ee7bb0, 0x0000017455ee80c0, 0x0000017455ee6260, 0x0000017455ee8ae0,
0x0000017455ee5d50, 0x0000017455ee9500, 0x0000017455ee9a10, 0x0000017455ee9f20,
0x0000017455ee6770, 0x0000017455eeae50, 0x0000017455eea940, 0x0000017455eea430,
0x0000017455eebd80, 0x0000017455eeb360, 0x0000017455eec290, 0x0000017455eeb870,
0x0000017456c73540, 0x0000017456c73f60, 0x0000017456c74470, 0x0000017456c73030,
0x0000017456c75dc0, 0x0000017456c767e0, 0x0000017456c74980, 0x0000017456c753a0,
0x0000017456c74e90, 0x0000017456c73a50, 0x0000017456c77710, 0x0000017456c78640,
0x0000017456c77c20, 0x0000017456c762d0, 0x0000017456c78130, 0x0000017456c78b50,
0x0000017456c79060, 0x0000017456c758b0, 0x0000017456c79570, 0x0000017456c79a80,
0x0000017456c79f90, 0x0000017456c76cf0, 0x0000017456c7a9b0, 0x000001745814f640,
0x0000017434489e90, 0x000001743448a3a0, 0x000001743448adc0, 0x0000017434488a50,
0x0000017434489980, 0x000001743448a8b0, 0x000001743448bcf0, 0x0000017434488540,
0x0000017434489470, 0x000001743448e060, 0x000001743448ea80, 0x000001743448c200,
0x000001743448cc20, 0x000001743448c710, 0x000001743448d640, 0x000001743448db50
}

Java Threads: ( => current thread )
  0x00000174149eed40 JavaThread "main" [_thread_blocked, id=33568, stack(0x0000006793900000,0x0000006793a00000)]
  0x00000174341beaa0 JavaThread "Reference Handler" daemon [_thread_blocked, id=17024, stack(0x0000006794000000,0x0000006794100000)]
  0x000001743431ac30 JavaThread "Finalizer" daemon [_thread_blocked, id=4880, stack(0x0000006794100000,0x0000006794200000)]
  0x000001743432cf60 JavaThread "Signal Dispatcher" daemon [_thread_blocked, id=2852, stack(0x0000006794200000,0x0000006794300000)]
  0x000001743432f840 JavaThread "Attach Listener" daemon [_thread_blocked, id=15468, stack(0x0000006794300000,0x0000006794400000)]
  0x0000017434332c90 JavaThread "Service Thread" daemon [_thread_blocked, id=20940, stack(0x0000006794400000,0x0000006794500000)]
  0x00000174343340d0 JavaThread "Monitor Deflation Thread" daemon [_thread_blocked, id=11492, stack(0x0000006794500000,0x0000006794600000)]
=>0x00000174343438d0 JavaThread "C2 CompilerThread0" daemon [_thread_in_native, id=16812, stack(0x0000006794600000,0x0000006794700000)]
  0x0000017434364d60 JavaThread "C1 CompilerThread0" daemon [_thread_blocked, id=33068, stack(0x0000006794700000,0x0000006794800000)]
  0x000001743436e9b0 JavaThread "Sweeper thread" daemon [_thread_blocked, id=29844, stack(0x0000006794800000,0x0000006794900000)]
  0x0000017434467310 JavaThread "Common-Cleaner" daemon [_thread_blocked, id=29856, stack(0x0000006794900000,0x0000006794a00000)]
  0x00000174344751c0 JavaThread "C1 CompilerThread1" daemon [_thread_blocked, id=31788, stack(0x0000006794a00000,0x0000006794b00000)]
  0x00000174344777a0 JavaThread "C1 CompilerThread2" daemon [_thread_blocked, id=10324, stack(0x0000006794b00000,0x0000006794c00000)]
  0x0000017434498200 JavaThread "C1 CompilerThread3" daemon [_thread_blocked, id=6188, stack(0x0000006794c00000,0x0000006794d00000)]
  0x00000174345cc920 JavaThread "Notification Thread" daemon [_thread_blocked, id=29444, stack(0x0000006794e00000,0x0000006794f00000)]
  0x0000017454bf7630 JavaThread "Daemon health stats" [_thread_blocked, id=33584, stack(0x0000006795400000,0x0000006795500000)]
  0x00000174555764e0 JavaThread "Incoming local TCP Connector on port 51263" [_thread_in_native, id=2360, stack(0x0000006795500000,0x0000006795600000)]
  0x0000017455445090 JavaThread "Daemon periodic checks" [_thread_blocked, id=28872, stack(0x0000006795600000,0x0000006795700000)]
  0x0000017455433070 JavaThread "Daemon" [_thread_blocked, id=21020, stack(0x0000006795700000,0x0000006795800000)]
  0x0000017455434130 JavaThread "Handler for socket connection from /127.0.0.1:51263 to /127.0.0.1:51264" [_thread_in_native, id=13900, stack(0x0000006795800000,0x0000006795900000)]
  0x00000174554c7c80 JavaThread "Cancel handler" [_thread_blocked, id=26772, stack(0x0000006795900000,0x0000006795a00000)]
  0x00000174554ce890 JavaThread "Daemon worker" [_thread_blocked, id=21956, stack(0x0000006795a00000,0x0000006795b00000)]
  0x000001745551eb00 JavaThread "Asynchronous log dispatcher for DefaultDaemonConnection: socket connection from /127.0.0.1:51263 to /127.0.0.1:51264" [_thread_blocked, id=3620, stack(0x0000006795b00000,0x0000006795c00000)]
  0x0000017455521380 JavaThread "Stdin handler" [_thread_blocked, id=6932, stack(0x0000006795c00000,0x0000006795d00000)]
  0x000001745551f010 JavaThread "Daemon client event forwarder" [_thread_blocked, id=27880, stack(0x0000006795d00000,0x0000006795e00000)]
  0x000001745551f520 JavaThread "Cache worker for journal cache (C:\Users\besto\.gradle\caches\journal-1)" [_thread_blocked, id=32140, stack(0x0000006795e00000,0x0000006795f00000)]
  0x000001745551fa30 JavaThread "File lock request listener" [_thread_in_native, id=4360, stack(0x0000006795f00000,0x0000006796000000)]
  0x000001745551e5f0 JavaThread "Cache worker for file hash cache (C:\Users\besto\.gradle\caches\8.14.1\fileHashes)" [_thread_blocked, id=13004, stack(0x0000006796000000,0x0000006796100000)]
  0x000001745551dbd0 JavaThread "Cache worker for file hash cache (C:\Users\besto\Documents\Futside1\android\.gradle\8.14.1\fileHashes)" [_thread_blocked, id=19660, stack(0x0000006796900000,0x0000006796a00000)]
  0x0000017455520960 JavaThread "Cache worker for Build Output Cleanup Cache (C:\Users\besto\Documents\Futside1\android\.gradle\buildOutputCleanup)" [_thread_blocked, id=17196, stack(0x0000006796a00000,0x0000006796b00000)]
  0x0000017455520e70 JavaThread "File watcher server" daemon [_thread_in_native, id=31908, stack(0x0000006796d00000,0x0000006796e00000)]
  0x000001745551e0e0 JavaThread "File watcher consumer" daemon [_thread_blocked, id=25700, stack(0x0000006796e00000,0x0000006796f00000)]
  0x0000017456a66d50 JavaThread "jar transforms" [_thread_blocked, id=33328, stack(0x0000006796f00000,0x0000006797000000)]
  0x0000017456a67260 JavaThread "Cache worker for checksums cache (C:\Users\besto\Documents\Futside1\android\.gradle\8.14.1\checksums)" [_thread_blocked, id=15376, stack(0x0000006797000000,0x0000006797100000)]
  0x0000017456a68bb0 JavaThread "Cache worker for file content cache (C:\Users\besto\.gradle\caches\8.14.1\fileContent)" [_thread_blocked, id=24340, stack(0x0000006797100000,0x0000006797200000)]
  0x0000017456a6c870 JavaThread "Cache worker for cache directory md-supplier (C:\Users\besto\.gradle\caches\8.14.1\md-supplier)" [_thread_blocked, id=676, stack(0x0000006797200000,0x0000006797300000)]
  0x0000017456a6a500 JavaThread "Cache worker for cache directory md-rule (C:\Users\besto\.gradle\caches\8.14.1\md-rule)" [_thread_blocked, id=26692, stack(0x0000006797300000,0x0000006797400000)]
  0x0000017456a69ae0 JavaThread "Cache worker for Build Output Cleanup Cache (C:\Users\besto\Documents\Futside1\node_modules\@react-native\gradle-plugin\.gradle\buildOutputCleanup)" [_thread_blocked, id=29732, stack(0x0000006797400000,0x0000006797500000)]
  0x0000017456a6d7a0 JavaThread "Unconstrained build operations" [_thread_blocked, id=12200, stack(0x0000006794d00000,0x0000006794e00000)]
  0x0000017456a6aa10 JavaThread "Unconstrained build operations Thread 2" [_thread_blocked, id=21712, stack(0x0000006797600000,0x0000006797700000)]
  0x0000017456a6af20 JavaThread "Unconstrained build operations Thread 3" [_thread_blocked, id=30104, stack(0x0000006797700000,0x0000006797800000)]
  0x0000017456a6c360 JavaThread "Unconstrained build operations Thread 4" [_thread_blocked, id=33784, stack(0x0000006797800000,0x0000006797900000)]
  0x0000017456a6b430 JavaThread "Unconstrained build operations Thread 5" [_thread_blocked, id=29620, stack(0x0000006797900000,0x0000006797a00000)]
  0x0000017456a6b940 JavaThread "Unconstrained build operations Thread 6" [_thread_blocked, id=32044, stack(0x0000006797b00000,0x0000006797c00000)]
  0x0000017455ee6c80 JavaThread "Unconstrained build operations Thread 7" [_thread_blocked, id=26404, stack(0x0000006797a00000,0x0000006797b00000)]
  0x0000017455ee4910 JavaThread "Unconstrained build operations Thread 8" [_thread_blocked, id=16868, stack(0x0000006797c00000,0x0000006797d00000)]
  0x0000017455ee7190 JavaThread "Unconstrained build operations Thread 9" [_thread_blocked, id=6660, stack(0x0000006797d00000,0x0000006797e00000)]
  0x0000017455ee5330 JavaThread "Unconstrained build operations Thread 10" [_thread_blocked, id=6192, stack(0x0000006797e00000,0x0000006797f00000)]
  0x0000017455ee76a0 JavaThread "Unconstrained build operations Thread 11" [_thread_blocked, id=32280, stack(0x0000006797f00000,0x0000006798000000)]
  0x0000017455ee5840 JavaThread "Unconstrained build operations Thread 12" [_thread_blocked, id=12464, stack(0x0000006798000000,0x0000006798100000)]
  0x0000017455ee85d0 JavaThread "Unconstrained build operations Thread 13" [_thread_blocked, id=32832, stack(0x0000006798100000,0x0000006798200000)]
  0x0000017455ee8ff0 JavaThread "Unconstrained build operations Thread 14" [_thread_blocked, id=11200, stack(0x0000006798200000,0x0000006798300000)]
  0x0000017455ee7bb0 JavaThread "Unconstrained build operations Thread 15" [_thread_blocked, id=33000, stack(0x0000006798300000,0x0000006798400000)]
  0x0000017455ee80c0 JavaThread "Unconstrained build operations Thread 16" [_thread_blocked, id=29120, stack(0x0000006798400000,0x0000006798500000)]
  0x0000017455ee6260 JavaThread "Unconstrained build operations Thread 17" [_thread_blocked, id=29272, stack(0x0000006798500000,0x0000006798600000)]
  0x0000017455ee8ae0 JavaThread "Unconstrained build operations Thread 18" [_thread_blocked, id=28976, stack(0x0000006798600000,0x0000006798700000)]
  0x0000017455ee5d50 JavaThread "Unconstrained build operations Thread 19" [_thread_blocked, id=30012, stack(0x0000006798700000,0x0000006798800000)]
  0x0000017455ee9500 JavaThread "Unconstrained build operations Thread 20" [_thread_blocked, id=31588, stack(0x0000006798800000,0x0000006798900000)]
  0x0000017455ee9a10 JavaThread "Unconstrained build operations Thread 21" [_thread_blocked, id=22352, stack(0x0000006798900000,0x0000006798a00000)]
  0x0000017455ee9f20 JavaThread "Unconstrained build operations Thread 22" [_thread_blocked, id=29840, stack(0x0000006798a00000,0x0000006798b00000)]
  0x0000017455ee6770 JavaThread "Unconstrained build operations Thread 23" [_thread_blocked, id=31764, stack(0x0000006798b00000,0x0000006798c00000)]
  0x0000017455eeae50 JavaThread "Unconstrained build operations Thread 24" [_thread_blocked, id=33184, stack(0x0000006798c00000,0x0000006798d00000)]
  0x0000017455eea940 JavaThread "Unconstrained build operations Thread 25" [_thread_blocked, id=30384, stack(0x0000006798d00000,0x0000006798e00000)]
  0x0000017455eea430 JavaThread "Unconstrained build operations Thread 26" [_thread_blocked, id=27192, stack(0x0000006798e00000,0x0000006798f00000)]
  0x0000017455eebd80 JavaThread "Unconstrained build operations Thread 27" [_thread_blocked, id=6416, stack(0x0000006798f00000,0x0000006799000000)]
  0x0000017455eeb360 JavaThread "Unconstrained build operations Thread 28" [_thread_blocked, id=29928, stack(0x0000006799000000,0x0000006799100000)]
  0x0000017455eec290 JavaThread "Unconstrained build operations Thread 29" [_thread_blocked, id=1288, stack(0x0000006799100000,0x0000006799200000)]
  0x0000017455eeb870 JavaThread "Unconstrained build operations Thread 30" [_thread_blocked, id=30120, stack(0x0000006799200000,0x0000006799300000)]
  0x0000017456c73540 JavaThread "Unconstrained build operations Thread 31" [_thread_blocked, id=24364, stack(0x0000006799300000,0x0000006799400000)]
  0x0000017456c73f60 JavaThread "Unconstrained build operations Thread 32" [_thread_blocked, id=28904, stack(0x0000006799400000,0x0000006799500000)]
  0x0000017456c74470 JavaThread "Unconstrained build operations Thread 33" [_thread_blocked, id=6176, stack(0x0000006799500000,0x0000006799600000)]
  0x0000017456c73030 JavaThread "Unconstrained build operations Thread 34" [_thread_blocked, id=21572, stack(0x0000006799600000,0x0000006799700000)]
  0x0000017456c75dc0 JavaThread "Unconstrained build operations Thread 35" [_thread_blocked, id=12696, stack(0x0000006799700000,0x0000006799800000)]
  0x0000017456c767e0 JavaThread "Unconstrained build operations Thread 36" [_thread_blocked, id=33572, stack(0x0000006799800000,0x0000006799900000)]
  0x0000017456c74980 JavaThread "Unconstrained build operations Thread 37" [_thread_blocked, id=22012, stack(0x0000006799900000,0x0000006799a00000)]
  0x0000017456c753a0 JavaThread "Unconstrained build operations Thread 38" [_thread_blocked, id=27808, stack(0x0000006799a00000,0x0000006799b00000)]
  0x0000017456c74e90 JavaThread "Unconstrained build operations Thread 39" [_thread_blocked, id=28440, stack(0x0000006799b00000,0x0000006799c00000)]
  0x0000017456c73a50 JavaThread "Unconstrained build operations Thread 40" [_thread_blocked, id=22588, stack(0x0000006799c00000,0x0000006799d00000)]
  0x0000017456c77710 JavaThread "Unconstrained build operations Thread 41" [_thread_blocked, id=20408, stack(0x0000006799d00000,0x0000006799e00000)]
  0x0000017456c78640 JavaThread "Unconstrained build operations Thread 42" [_thread_blocked, id=24996, stack(0x0000006799e00000,0x0000006799f00000)]
  0x0000017456c77c20 JavaThread "Unconstrained build operations Thread 43" [_thread_blocked, id=32468, stack(0x0000006799f00000,0x000000679a000000)]
  0x0000017456c762d0 JavaThread "Unconstrained build operations Thread 44" [_thread_blocked, id=23036, stack(0x000000679a000000,0x000000679a100000)]
  0x0000017456c78130 JavaThread "Unconstrained build operations Thread 45" [_thread_blocked, id=9844, stack(0x000000679a100000,0x000000679a200000)]
  0x0000017456c78b50 JavaThread "Unconstrained build operations Thread 46" [_thread_blocked, id=11692, stack(0x000000679a200000,0x000000679a300000)]
  0x0000017456c79060 JavaThread "Unconstrained build operations Thread 47" [_thread_blocked, id=18540, stack(0x000000679a300000,0x000000679a400000)]
  0x0000017456c758b0 JavaThread "Unconstrained build operations Thread 48" [_thread_blocked, id=31032, stack(0x000000679a400000,0x000000679a500000)]
  0x0000017456c79570 JavaThread "Unconstrained build operations Thread 49" [_thread_blocked, id=28624, stack(0x000000679a500000,0x000000679a600000)]
  0x0000017456c79a80 JavaThread "Unconstrained build operations Thread 50" [_thread_blocked, id=21368, stack(0x000000679a600000,0x000000679a700000)]
  0x0000017456c79f90 JavaThread "Unconstrained build operations Thread 51" [_thread_blocked, id=32144, stack(0x000000679a700000,0x000000679a800000)]
  0x0000017456c76cf0 JavaThread "build event listener" [_thread_blocked, id=31228, stack(0x000000679a900000,0x000000679aa00000)]
  0x0000017456c7a9b0 JavaThread "Memory manager" [_thread_blocked, id=27120, stack(0x000000679aa00000,0x000000679ab00000)]
  0x000001745814f640 JavaThread "C2 CompilerThread1" daemon [_thread_in_native, id=32584, stack(0x000000679a800000,0x000000679a900000)]
  0x0000017434489e90 JavaThread "ForkJoinPool.commonPool-worker-1" daemon [_thread_blocked, id=21616, stack(0x000000679ab00000,0x000000679ac00000)]
  0x000001743448a3a0 JavaThread "ForkJoinPool.commonPool-worker-2" daemon [_thread_blocked, id=19420, stack(0x000000679ac00000,0x000000679ad00000)]
  0x000001743448adc0 JavaThread "ForkJoinPool.commonPool-worker-3" daemon [_thread_blocked, id=28208, stack(0x000000679ad00000,0x000000679ae00000)]
  0x0000017434488a50 JavaThread "ForkJoinPool.commonPool-worker-4" daemon [_thread_blocked, id=23368, stack(0x000000679ae00000,0x000000679af00000)]
  0x0000017434489980 JavaThread "ForkJoinPool.commonPool-worker-5" daemon [_thread_blocked, id=24688, stack(0x000000679af00000,0x000000679b000000)]
  0x000001743448a8b0 JavaThread "ForkJoinPool.commonPool-worker-6" daemon [_thread_blocked, id=32172, stack(0x000000679b000000,0x000000679b100000)]
  0x000001743448bcf0 JavaThread "ForkJoinPool.commonPool-worker-7" daemon [_thread_blocked, id=32860, stack(0x000000679b100000,0x000000679b200000)]
  0x0000017434488540 JavaThread "ForkJoinPool.commonPool-worker-8" daemon [_thread_blocked, id=31944, stack(0x000000679b200000,0x000000679b300000)]
  0x0000017434489470 JavaThread "ForkJoinPool.commonPool-worker-9" daemon [_thread_blocked, id=17904, stack(0x000000679b300000,0x000000679b400000)]
  0x000001743448e060 JavaThread "ForkJoinPool.commonPool-worker-10" daemon [_thread_blocked, id=30444, stack(0x000000679b400000,0x000000679b500000)]
  0x000001743448ea80 JavaThread "ForkJoinPool.commonPool-worker-11" daemon [_thread_blocked, id=32000, stack(0x000000679b500000,0x000000679b600000)]
  0x000001743448c200 JavaThread "Exec process" daemon [_thread_in_native, id=30032, stack(0x000000679b600000,0x000000679b700000)]
  0x000001743448cc20 JavaThread "ForkJoinPool.commonPool-worker-12" daemon [_thread_blocked, id=31520, stack(0x000000679b700000,0x000000679b800000)]
  0x000001743448c710 JavaThread "Exec process Thread 2" daemon [_thread_in_native, id=24564, stack(0x000000679b800000,0x000000679b900000)]
  0x000001743448d640 JavaThread "ForkJoinPool.commonPool-worker-13" daemon [_thread_blocked, id=8524, stack(0x000000679b900000,0x000000679ba00000)]
  0x000001743448db50 JavaThread "Exec process Thread 3" daemon [_thread_in_native, id=20456, stack(0x000000679ba00000,0x000000679bb00000)]

Other Threads:
  0x00000174341bd9f0 VMThread "VM Thread" [stack: 0x0000006793f00000,0x0000006794000000] [id=10328]
  0x00000174345cce00 WatcherThread [stack: 0x0000006794f00000,0x0000006795000000] [id=30756]
  0x0000017414a4f900 GCTaskThread "GC Thread#0" [stack: 0x0000006793a00000,0x0000006793b00000] [id=10940]
  0x0000017434624690 GCTaskThread "GC Thread#1" [stack: 0x0000006795000000,0x0000006795100000] [id=32176]
  0x00000174346240f0 GCTaskThread "GC Thread#2" [stack: 0x0000006795100000,0x0000006795200000] [id=21680]
  0x0000017434623b50 GCTaskThread "GC Thread#3" [stack: 0x0000006795200000,0x0000006795300000] [id=31172]
  0x0000017434624c30 GCTaskThread "GC Thread#4" [stack: 0x0000006795300000,0x0000006795400000] [id=14064]
  0x00000174545b1ea0 GCTaskThread "GC Thread#5" [stack: 0x0000006796100000,0x0000006796200000] [id=32952]
  0x00000174545b3250 GCTaskThread "GC Thread#6" [stack: 0x0000006796200000,0x0000006796300000] [id=29780]
  0x00000174545b1630 GCTaskThread "GC Thread#7" [stack: 0x0000006796300000,0x0000006796400000] [id=29812]
  0x00000174545b29e0 GCTaskThread "GC Thread#8" [stack: 0x0000006796400000,0x0000006796500000] [id=23584]
  0x00000174545b2cb0 GCTaskThread "GC Thread#9" [stack: 0x0000006796500000,0x0000006796600000] [id=31104]
  0x00000174545b2440 GCTaskThread "GC Thread#10" [stack: 0x0000006796600000,0x0000006796700000] [id=32804]
  0x00000174545b1900 GCTaskThread "GC Thread#11" [stack: 0x0000006796700000,0x0000006796800000] [id=11352]
  0x00000174545b2710 GCTaskThread "GC Thread#12" [stack: 0x0000006796800000,0x0000006796900000] [id=23968]
  0x0000017414a61440 ConcurrentGCThread "G1 Main Marker" [stack: 0x0000006793b00000,0x0000006793c00000] [id=23216]
  0x0000017414a62510 ConcurrentGCThread "G1 Conc#0" [stack: 0x0000006793c00000,0x0000006793d00000] [id=17388]
  0x0000017455685d40 ConcurrentGCThread "G1 Conc#1" [stack: 0x0000006796b00000,0x0000006796c00000] [id=2548]
  0x0000017455687690 ConcurrentGCThread "G1 Conc#2" [stack: 0x0000006796c00000,0x0000006796d00000] [id=28644]
  0x0000017434069ff0 ConcurrentGCThread "G1 Refine#0" [stack: 0x0000006793d00000,0x0000006793e00000] [id=30480]
  0x000001743406a840 ConcurrentGCThread "G1 Service" [stack: 0x0000006793e00000,0x0000006793f00000] [id=14048]

Threads with active compile tasks:
C2 CompilerThread0    16517 9566       4       org.gradle.internal.instantiation.generator.AbstractClassGenerator::inspectType (602 bytes)
C2 CompilerThread1    16517 9711       4       groovy.lang.MetaClassImpl$1MOPIter::methodNameAction (325 bytes)

VM state: not at safepoint (normal execution)

VM Mutex/Monitor currently owned by a thread: None

Heap address: 0x0000000080000000, size: 2048 MB, Compressed Oops mode: 32-bit

CDS archive(s) mapped at: [0x0000017435000000-0x0000017435bd0000-0x0000017435bd0000), size 12386304, SharedBaseAddress: 0x0000017435000000, ArchiveRelocationMode: 1.
Compressed class space mapped at: 0x0000017436000000-0x0000017450000000, reserved size: 436207616
Narrow klass base: 0x0000017435000000, Narrow klass shift: 0, Narrow klass range: 0x100000000

GC Precious Log:
 CPUs: 16 total, 16 available
 Memory: 15720M
 Large Page Support: Disabled
 NUMA Support: Disabled
 Compressed Oops: Enabled (32-bit)
 Heap Region Size: 1M
 Heap Min Capacity: 8M
 Heap Initial Capacity: 246M
 Heap Max Capacity: 2G
 Pre-touch: Disabled
 Parallel Workers: 13
 Concurrent Workers: 3
 Concurrent Refinement Workers: 13
 Periodic GC: Disabled

Heap:
 garbage-first heap   total 152576K, used 102696K [0x0000000080000000, 0x0000000100000000)
  region size 1024K, 43 young (44032K), 6 survivors (6144K)
 Metaspace       used 77540K, committed 78336K, reserved 557056K
  class space    used 10753K, committed 11136K, reserved 425984K

Heap Regions: E=young(eden), S=young(survivor), O=old, HS=humongous(starts), HC=humongous(continues), CS=collection set, F=free, OA=open archive, CA=closed archive, TAMS=top-at-mark-start (previous, next)
|   0|0x0000000080000000, 0x0000000080100000, 0x0000000080100000|100%|HS|  |TAMS 0x0000000080100000, 0x0000000080000000| Complete 
|   1|0x0000000080100000, 0x0000000080200000, 0x0000000080200000|100%|HC|  |TAMS 0x0000000080200000, 0x0000000080100000| Complete 
|   2|0x0000000080200000, 0x0000000080300000, 0x0000000080300000|100%|HC|  |TAMS 0x0000000080300000, 0x0000000080200000| Complete 
|   3|0x0000000080300000, 0x0000000080400000, 0x0000000080400000|100%| O|  |TAMS 0x0000000080400000, 0x0000000080300000| Untracked 
|   4|0x0000000080400000, 0x0000000080500000, 0x0000000080500000|100%| O|  |TAMS 0x0000000080500000, 0x0000000080400000| Untracked 
|   5|0x0000000080500000, 0x0000000080600000, 0x0000000080600000|100%| O|  |TAMS 0x0000000080600000, 0x0000000080500000| Untracked 
|   6|0x0000000080600000, 0x0000000080700000, 0x0000000080700000|100%|HS|  |TAMS 0x0000000080700000, 0x0000000080600000| Complete 
|   7|0x0000000080700000, 0x0000000080800000, 0x0000000080800000|100%| O|  |TAMS 0x0000000080800000, 0x0000000080700000| Untracked 
|   8|0x0000000080800000, 0x0000000080900000, 0x0000000080900000|100%| O|  |TAMS 0x0000000080900000, 0x0000000080800000| Untracked 
|   9|0x0000000080900000, 0x0000000080a00000, 0x0000000080a00000|100%| O|  |TAMS 0x0000000080a00000, 0x0000000080900000| Untracked 
|  10|0x0000000080a00000, 0x0000000080b00000, 0x0000000080b00000|100%| O|  |TAMS 0x0000000080b00000, 0x0000000080a00000| Untracked 
|  11|0x0000000080b00000, 0x0000000080c00000, 0x0000000080c00000|100%| O|  |TAMS 0x0000000080c00000, 0x0000000080b00000| Untracked 
|  12|0x0000000080c00000, 0x0000000080d00000, 0x0000000080d00000|100%| O|  |TAMS 0x0000000080d00000, 0x0000000080c00000| Untracked 
|  13|0x0000000080d00000, 0x0000000080e00000, 0x0000000080e00000|100%| O|  |TAMS 0x0000000080e00000, 0x0000000080d00000| Untracked 
|  14|0x0000000080e00000, 0x0000000080f00000, 0x0000000080f00000|100%| O|  |TAMS 0x0000000080f00000, 0x0000000080e00000| Untracked 
|  15|0x0000000080f00000, 0x0000000081000000, 0x0000000081000000|100%| O|  |TAMS 0x0000000081000000, 0x0000000080f00000| Untracked 
|  16|0x0000000081000000, 0x0000000081100000, 0x0000000081100000|100%| O|  |TAMS 0x0000000081100000, 0x0000000081000000| Untracked 
|  17|0x0000000081100000, 0x0000000081200000, 0x0000000081200000|100%| O|  |TAMS 0x0000000081200000, 0x0000000081100000| Untracked 
|  18|0x0000000081200000, 0x0000000081300000, 0x0000000081300000|100%| O|  |TAMS 0x0000000081300000, 0x0000000081200000| Untracked 
|  19|0x0000000081300000, 0x0000000081400000, 0x0000000081400000|100%| O|  |TAMS 0x0000000081400000, 0x0000000081300000| Untracked 
|  20|0x0000000081400000, 0x0000000081500000, 0x0000000081500000|100%| O|  |TAMS 0x0000000081500000, 0x0000000081400000| Untracked 
|  21|0x0000000081500000, 0x0000000081600000, 0x0000000081600000|100%| O|  |TAMS 0x0000000081600000, 0x0000000081500000| Untracked 
|  22|0x0000000081600000, 0x0000000081700000, 0x0000000081700000|100%| O|  |TAMS 0x0000000081700000, 0x0000000081600000| Untracked 
|  23|0x0000000081700000, 0x0000000081800000, 0x0000000081800000|100%| O|  |TAMS 0x0000000081800000, 0x0000000081700000| Untracked 
|  24|0x0000000081800000, 0x0000000081900000, 0x0000000081900000|100%| O|  |TAMS 0x0000000081900000, 0x0000000081800000| Untracked 
|  25|0x0000000081900000, 0x0000000081a00000, 0x0000000081a00000|100%| O|  |TAMS 0x0000000081a00000, 0x0000000081900000| Untracked 
|  26|0x0000000081a00000, 0x0000000081b00000, 0x0000000081b00000|100%| O|  |TAMS 0x0000000081a00000, 0x0000000081a00000| Untracked 
|  27|0x0000000081b00000, 0x0000000081c00000, 0x0000000081c00000|100%| O|  |TAMS 0x0000000081c00000, 0x0000000081b00000| Untracked 
|  28|0x0000000081c00000, 0x0000000081d00000, 0x0000000081d00000|100%| O|  |TAMS 0x0000000081d00000, 0x0000000081c00000| Untracked 
|  29|0x0000000081d00000, 0x0000000081e00000, 0x0000000081e00000|100%| O|  |TAMS 0x0000000081dd0e00, 0x0000000081d00000| Untracked 
|  30|0x0000000081e00000, 0x0000000081f00000, 0x0000000081f00000|100%| O|  |TAMS 0x0000000081f00000, 0x0000000081e00000| Untracked 
|  31|0x0000000081f00000, 0x0000000082000000, 0x0000000082000000|100%| O|  |TAMS 0x0000000082000000, 0x0000000081f00000| Untracked 
|  32|0x0000000082000000, 0x0000000082100000, 0x0000000082100000|100%| O|  |TAMS 0x0000000082100000, 0x0000000082000000| Untracked 
|  33|0x0000000082100000, 0x0000000082200000, 0x0000000082200000|100%| O|  |TAMS 0x0000000082200000, 0x0000000082100000| Untracked 
|  34|0x0000000082200000, 0x0000000082300000, 0x0000000082300000|100%| O|  |TAMS 0x0000000082300000, 0x0000000082200000| Untracked 
|  35|0x0000000082300000, 0x0000000082400000, 0x0000000082400000|100%| O|  |TAMS 0x0000000082400000, 0x0000000082300000| Untracked 
|  36|0x0000000082400000, 0x0000000082500000, 0x0000000082500000|100%| O|  |TAMS 0x0000000082500000, 0x0000000082400000| Untracked 
|  37|0x0000000082500000, 0x0000000082500000, 0x0000000082600000|  0%| F|  |TAMS 0x0000000082500000, 0x0000000082500000| Untracked 
|  38|0x0000000082600000, 0x0000000082700000, 0x0000000082700000|100%| O|  |TAMS 0x0000000082700000, 0x0000000082600000| Untracked 
|  39|0x0000000082700000, 0x0000000082800000, 0x0000000082800000|100%| O|  |TAMS 0x0000000082800000, 0x0000000082700000| Untracked 
|  40|0x0000000082800000, 0x0000000082900000, 0x0000000082900000|100%| O|  |TAMS 0x0000000082900000, 0x0000000082800000| Untracked 
|  41|0x0000000082900000, 0x0000000082a00000, 0x0000000082a00000|100%| O|  |TAMS 0x0000000082a00000, 0x0000000082900000| Untracked 
|  42|0x0000000082a00000, 0x0000000082b00000, 0x0000000082b00000|100%| O|  |TAMS 0x0000000082b00000, 0x0000000082a00000| Untracked 
|  43|0x0000000082b00000, 0x0000000082c00000, 0x0000000082c00000|100%| O|  |TAMS 0x0000000082c00000, 0x0000000082b00000| Untracked 
|  44|0x0000000082c00000, 0x0000000082d00000, 0x0000000082d00000|100%| O|  |TAMS 0x0000000082d00000, 0x0000000082c00000| Untracked 
|  45|0x0000000082d00000, 0x0000000082e00000, 0x0000000082e00000|100%|HS|  |TAMS 0x0000000082e00000, 0x0000000082d00000| Complete 
|  46|0x0000000082e00000, 0x0000000082f00000, 0x0000000082f00000|100%|HC|  |TAMS 0x0000000082f00000, 0x0000000082e00000| Complete 
|  47|0x0000000082f00000, 0x0000000083000000, 0x0000000083000000|100%|HC|  |TAMS 0x0000000083000000, 0x0000000082f00000| Complete 
|  48|0x0000000083000000, 0x0000000083100000, 0x0000000083100000|100%|HS|  |TAMS 0x0000000083100000, 0x0000000083000000| Complete 
|  49|0x0000000083100000, 0x0000000083200000, 0x0000000083200000|100%|HC|  |TAMS 0x0000000083200000, 0x0000000083100000| Complete 
|  50|0x0000000083200000, 0x0000000083300000, 0x0000000083300000|100%|HC|  |TAMS 0x0000000083300000, 0x0000000083200000| Complete 
|  51|0x0000000083300000, 0x0000000083400000, 0x0000000083400000|100%| O|  |TAMS 0x0000000083400000, 0x0000000083300000| Untracked 
|  52|0x0000000083400000, 0x0000000083500000, 0x0000000083500000|100%| O|  |TAMS 0x0000000083500000, 0x0000000083400000| Untracked 
|  53|0x0000000083500000, 0x0000000083600000, 0x0000000083600000|100%| O|  |TAMS 0x0000000083600000, 0x0000000083500000| Untracked 
|  54|0x0000000083600000, 0x0000000083700000, 0x0000000083700000|100%| O|  |TAMS 0x0000000083700000, 0x0000000083600000| Untracked 
|  55|0x0000000083700000, 0x0000000083800000, 0x0000000083800000|100%| O|  |TAMS 0x0000000083800000, 0x0000000083700000| Untracked 
|  56|0x0000000083800000, 0x0000000083900000, 0x0000000083900000|100%| O|  |TAMS 0x0000000083900000, 0x0000000083800000| Untracked 
|  57|0x0000000083900000, 0x0000000083a00000, 0x0000000083a00000|100%| O|  |TAMS 0x0000000083900000, 0x0000000083900000| Untracked 
|  58|0x0000000083a00000, 0x0000000083b00000, 0x0000000083b00000|100%| O|  |TAMS 0x0000000083a00000, 0x0000000083a00000| Untracked 
|  59|0x0000000083b00000, 0x0000000083be2a00, 0x0000000083c00000| 88%| O|  |TAMS 0x0000000083b00000, 0x0000000083b00000| Untracked 
|  60|0x0000000083c00000, 0x0000000083c00000, 0x0000000083d00000|  0%| F|  |TAMS 0x0000000083c00000, 0x0000000083c00000| Untracked 
|  61|0x0000000083d00000, 0x0000000083d00000, 0x0000000083e00000|  0%| F|  |TAMS 0x0000000083d00000, 0x0000000083d00000| Untracked 
|  62|0x0000000083e00000, 0x0000000083e00000, 0x0000000083f00000|  0%| F|  |TAMS 0x0000000083e00000, 0x0000000083e00000| Untracked 
|  63|0x0000000083f00000, 0x0000000083f00000, 0x0000000084000000|  0%| F|  |TAMS 0x0000000083f00000, 0x0000000083f00000| Untracked 
|  64|0x0000000084000000, 0x0000000084000000, 0x0000000084100000|  0%| F|  |TAMS 0x0000000084000000, 0x0000000084000000| Untracked 
|  65|0x0000000084100000, 0x0000000084100000, 0x0000000084200000|  0%| F|  |TAMS 0x0000000084100000, 0x0000000084100000| Untracked 
|  66|0x0000000084200000, 0x0000000084200000, 0x0000000084300000|  0%| F|  |TAMS 0x0000000084200000, 0x0000000084200000| Untracked 
|  67|0x0000000084300000, 0x0000000084300000, 0x0000000084400000|  0%| F|  |TAMS 0x0000000084300000, 0x0000000084300000| Untracked 
|  68|0x0000000084400000, 0x0000000084400000, 0x0000000084500000|  0%| F|  |TAMS 0x0000000084400000, 0x0000000084400000| Untracked 
|  69|0x0000000084500000, 0x0000000084500000, 0x0000000084600000|  0%| F|  |TAMS 0x0000000084500000, 0x0000000084500000| Untracked 
|  70|0x0000000084600000, 0x0000000084600000, 0x0000000084700000|  0%| F|  |TAMS 0x0000000084600000, 0x0000000084600000| Untracked 
|  71|0x0000000084700000, 0x0000000084700000, 0x0000000084800000|  0%| F|  |TAMS 0x0000000084700000, 0x0000000084700000| Untracked 
|  72|0x0000000084800000, 0x0000000084800000, 0x0000000084900000|  0%| F|  |TAMS 0x0000000084800000, 0x0000000084800000| Untracked 
|  73|0x0000000084900000, 0x0000000084900000, 0x0000000084a00000|  0%| F|  |TAMS 0x0000000084900000, 0x0000000084900000| Untracked 
|  74|0x0000000084a00000, 0x0000000084a00000, 0x0000000084b00000|  0%| F|  |TAMS 0x0000000084a00000, 0x0000000084a00000| Untracked 
|  75|0x0000000084b00000, 0x0000000084b00000, 0x0000000084c00000|  0%| F|  |TAMS 0x0000000084b00000, 0x0000000084b00000| Untracked 
|  76|0x0000000084c00000, 0x0000000084c00000, 0x0000000084d00000|  0%| F|  |TAMS 0x0000000084c00000, 0x0000000084c00000| Untracked 
|  77|0x0000000084d00000, 0x0000000084d00000, 0x0000000084e00000|  0%| F|  |TAMS 0x0000000084d00000, 0x0000000084d00000| Untracked 
|  78|0x0000000084e00000, 0x0000000084e00000, 0x0000000084f00000|  0%| F|  |TAMS 0x0000000084e00000, 0x0000000084e00000| Untracked 
|  79|0x0000000084f00000, 0x0000000084f67870, 0x0000000085000000| 40%| S|CS|TAMS 0x0000000084f00000, 0x0000000084f00000| Complete 
|  80|0x0000000085000000, 0x0000000085100000, 0x0000000085100000|100%| S|CS|TAMS 0x0000000085000000, 0x0000000085000000| Complete 
|  81|0x0000000085100000, 0x0000000085200000, 0x0000000085200000|100%| S|CS|TAMS 0x0000000085100000, 0x0000000085100000| Complete 
|  82|0x0000000085200000, 0x0000000085300000, 0x0000000085300000|100%| S|CS|TAMS 0x0000000085200000, 0x0000000085200000| Complete 
|  83|0x0000000085300000, 0x0000000085400000, 0x0000000085400000|100%| S|CS|TAMS 0x0000000085300000, 0x0000000085300000| Complete 
|  84|0x0000000085400000, 0x0000000085500000, 0x0000000085500000|100%| S|CS|TAMS 0x0000000085400000, 0x0000000085400000| Complete 
|  85|0x0000000085500000, 0x0000000085500000, 0x0000000085600000|  0%| F|  |TAMS 0x0000000085500000, 0x0000000085500000| Untracked 
|  86|0x0000000085600000, 0x0000000085600000, 0x0000000085700000|  0%| F|  |TAMS 0x0000000085600000, 0x0000000085600000| Untracked 
|  87|0x0000000085700000, 0x0000000085700000, 0x0000000085800000|  0%| F|  |TAMS 0x0000000085700000, 0x0000000085700000| Untracked 
|  88|0x0000000085800000, 0x0000000085800000, 0x0000000085900000|  0%| F|  |TAMS 0x0000000085800000, 0x0000000085800000| Untracked 
|  89|0x0000000085900000, 0x0000000085900000, 0x0000000085a00000|  0%| F|  |TAMS 0x0000000085900000, 0x0000000085900000| Untracked 
|  90|0x0000000085a00000, 0x0000000085a00000, 0x0000000085b00000|  0%| F|  |TAMS 0x0000000085a00000, 0x0000000085a00000| Untracked 
|  91|0x0000000085b00000, 0x0000000085b00000, 0x0000000085c00000|  0%| F|  |TAMS 0x0000000085b00000, 0x0000000085b00000| Untracked 
|  92|0x0000000085c00000, 0x0000000085c00000, 0x0000000085d00000|  0%| F|  |TAMS 0x0000000085c00000, 0x0000000085c00000| Untracked 
|  93|0x0000000085d00000, 0x0000000085d00000, 0x0000000085e00000|  0%| F|  |TAMS 0x0000000085d00000, 0x0000000085d00000| Untracked 
|  94|0x0000000085e00000, 0x0000000085e00000, 0x0000000085f00000|  0%| F|  |TAMS 0x0000000085e00000, 0x0000000085e00000| Untracked 
|  95|0x0000000085f00000, 0x0000000085f00000, 0x0000000086000000|  0%| F|  |TAMS 0x0000000085f00000, 0x0000000085f00000| Untracked 
|  96|0x0000000086000000, 0x0000000086000000, 0x0000000086100000|  0%| F|  |TAMS 0x0000000086000000, 0x0000000086000000| Untracked 
|  97|0x0000000086100000, 0x0000000086100000, 0x0000000086200000|  0%| F|  |TAMS 0x0000000086100000, 0x0000000086100000| Untracked 
|  98|0x0000000086200000, 0x0000000086200000, 0x0000000086300000|  0%| F|  |TAMS 0x0000000086200000, 0x0000000086200000| Untracked 
|  99|0x0000000086300000, 0x0000000086300000, 0x0000000086400000|  0%| F|  |TAMS 0x0000000086300000, 0x0000000086300000| Untracked 
| 100|0x0000000086400000, 0x0000000086400000, 0x0000000086500000|  0%| F|  |TAMS 0x0000000086400000, 0x0000000086400000| Untracked 
| 101|0x0000000086500000, 0x0000000086500000, 0x0000000086600000|  0%| F|  |TAMS 0x0000000086500000, 0x0000000086500000| Untracked 
| 102|0x0000000086600000, 0x0000000086600000, 0x0000000086700000|  0%| F|  |TAMS 0x0000000086600000, 0x0000000086600000| Untracked 
| 103|0x0000000086700000, 0x0000000086700000, 0x0000000086800000|  0%| F|  |TAMS 0x0000000086700000, 0x0000000086700000| Untracked 
| 104|0x0000000086800000, 0x0000000086800000, 0x0000000086900000|  0%| F|  |TAMS 0x0000000086800000, 0x0000000086800000| Untracked 
| 105|0x0000000086900000, 0x0000000086900000, 0x0000000086a00000|  0%| F|  |TAMS 0x0000000086900000, 0x0000000086900000| Untracked 
| 106|0x0000000086a00000, 0x0000000086a00000, 0x0000000086b00000|  0%| F|  |TAMS 0x0000000086a00000, 0x0000000086a00000| Untracked 
| 107|0x0000000086b00000, 0x0000000086b00000, 0x0000000086c00000|  0%| F|  |TAMS 0x0000000086b00000, 0x0000000086b00000| Untracked 
| 108|0x0000000086c00000, 0x0000000086c00000, 0x0000000086d00000|  0%| F|  |TAMS 0x0000000086c00000, 0x0000000086c00000| Untracked 
| 109|0x0000000086d00000, 0x0000000086d00000, 0x0000000086e00000|  0%| F|  |TAMS 0x0000000086d00000, 0x0000000086d00000| Untracked 
| 110|0x0000000086e00000, 0x0000000086e00000, 0x0000000086f00000|  0%| F|  |TAMS 0x0000000086e00000, 0x0000000086e00000| Untracked 
| 111|0x0000000086f00000, 0x0000000086f00000, 0x0000000087000000|  0%| F|  |TAMS 0x0000000086f00000, 0x0000000086f00000| Untracked 
| 112|0x0000000087000000, 0x0000000087096c10, 0x0000000087100000| 58%| E|  |TAMS 0x0000000087000000, 0x0000000087000000| Complete 
| 113|0x0000000087100000, 0x0000000087200000, 0x0000000087200000|100%| E|CS|TAMS 0x0000000087100000, 0x0000000087100000| Complete 
| 114|0x0000000087200000, 0x0000000087300000, 0x0000000087300000|100%| E|CS|TAMS 0x0000000087200000, 0x0000000087200000| Complete 
| 115|0x0000000087300000, 0x0000000087400000, 0x0000000087400000|100%| E|CS|TAMS 0x0000000087300000, 0x0000000087300000| Complete 
| 116|0x0000000087400000, 0x0000000087500000, 0x0000000087500000|100%| E|CS|TAMS 0x0000000087400000, 0x0000000087400000| Complete 
| 117|0x0000000087500000, 0x0000000087600000, 0x0000000087600000|100%| E|CS|TAMS 0x0000000087500000, 0x0000000087500000| Complete 
| 118|0x0000000087600000, 0x0000000087700000, 0x0000000087700000|100%| E|CS|TAMS 0x0000000087600000, 0x0000000087600000| Complete 
| 119|0x0000000087700000, 0x0000000087800000, 0x0000000087800000|100%| E|CS|TAMS 0x0000000087700000, 0x0000000087700000| Complete 
| 120|0x0000000087800000, 0x0000000087900000, 0x0000000087900000|100%| E|CS|TAMS 0x0000000087800000, 0x0000000087800000| Complete 
| 121|0x0000000087900000, 0x0000000087a00000, 0x0000000087a00000|100%| E|CS|TAMS 0x0000000087900000, 0x0000000087900000| Complete 
| 122|0x0000000087a00000, 0x0000000087b00000, 0x0000000087b00000|100%| E|CS|TAMS 0x0000000087a00000, 0x0000000087a00000| Complete 
| 123|0x0000000087b00000, 0x0000000087c00000, 0x0000000087c00000|100%| E|CS|TAMS 0x0000000087b00000, 0x0000000087b00000| Complete 
| 124|0x0000000087c00000, 0x0000000087d00000, 0x0000000087d00000|100%| E|CS|TAMS 0x0000000087c00000, 0x0000000087c00000| Complete 
| 125|0x0000000087d00000, 0x0000000087e00000, 0x0000000087e00000|100%| E|CS|TAMS 0x0000000087d00000, 0x0000000087d00000| Complete 
| 126|0x0000000087e00000, 0x0000000087f00000, 0x0000000087f00000|100%| E|CS|TAMS 0x0000000087e00000, 0x0000000087e00000| Complete 
| 127|0x0000000087f00000, 0x0000000088000000, 0x0000000088000000|100%| E|CS|TAMS 0x0000000087f00000, 0x0000000087f00000| Complete 
| 128|0x0000000088000000, 0x0000000088100000, 0x0000000088100000|100%| E|CS|TAMS 0x0000000088000000, 0x0000000088000000| Complete 
| 129|0x0000000088100000, 0x0000000088200000, 0x0000000088200000|100%| E|CS|TAMS 0x0000000088100000, 0x0000000088100000| Complete 
| 130|0x0000000088200000, 0x0000000088300000, 0x0000000088300000|100%| E|CS|TAMS 0x0000000088200000, 0x0000000088200000| Complete 
| 131|0x0000000088300000, 0x0000000088400000, 0x0000000088400000|100%| E|CS|TAMS 0x0000000088300000, 0x0000000088300000| Complete 
| 132|0x0000000088400000, 0x0000000088500000, 0x0000000088500000|100%| E|CS|TAMS 0x0000000088400000, 0x0000000088400000| Complete 
| 133|0x0000000088500000, 0x0000000088600000, 0x0000000088600000|100%| E|CS|TAMS 0x0000000088500000, 0x0000000088500000| Complete 
| 134|0x0000000088600000, 0x0000000088700000, 0x0000000088700000|100%| E|CS|TAMS 0x0000000088600000, 0x0000000088600000| Complete 
| 196|0x000000008c400000, 0x000000008c500000, 0x000000008c500000|100%| E|CS|TAMS 0x000000008c400000, 0x000000008c400000| Complete 
| 197|0x000000008c500000, 0x000000008c600000, 0x000000008c600000|100%| E|CS|TAMS 0x000000008c500000, 0x000000008c500000| Complete 
| 198|0x000000008c600000, 0x000000008c700000, 0x000000008c700000|100%| E|CS|TAMS 0x000000008c600000, 0x000000008c600000| Complete 
| 199|0x000000008c700000, 0x000000008c800000, 0x000000008c800000|100%| E|CS|TAMS 0x000000008c700000, 0x000000008c700000| Complete 
| 200|0x000000008c800000, 0x000000008c900000, 0x000000008c900000|100%| E|CS|TAMS 0x000000008c800000, 0x000000008c800000| Complete 
| 201|0x000000008c900000, 0x000000008ca00000, 0x000000008ca00000|100%| E|CS|TAMS 0x000000008c900000, 0x000000008c900000| Complete 
| 202|0x000000008ca00000, 0x000000008cb00000, 0x000000008cb00000|100%| E|CS|TAMS 0x000000008ca00000, 0x000000008ca00000| Complete 
| 203|0x000000008cb00000, 0x000000008cc00000, 0x000000008cc00000|100%| E|CS|TAMS 0x000000008cb00000, 0x000000008cb00000| Complete 
| 204|0x000000008cc00000, 0x000000008cd00000, 0x000000008cd00000|100%| E|CS|TAMS 0x000000008cc00000, 0x000000008cc00000| Complete 
| 205|0x000000008cd00000, 0x000000008ce00000, 0x000000008ce00000|100%| E|CS|TAMS 0x000000008cd00000, 0x000000008cd00000| Complete 
| 206|0x000000008ce00000, 0x000000008cf00000, 0x000000008cf00000|100%| E|CS|TAMS 0x000000008ce00000, 0x000000008ce00000| Complete 
| 207|0x000000008cf00000, 0x000000008d000000, 0x000000008d000000|100%| E|CS|TAMS 0x000000008cf00000, 0x000000008cf00000| Complete 
| 244|0x000000008f400000, 0x000000008f500000, 0x000000008f500000|100%| E|CS|TAMS 0x000000008f400000, 0x000000008f400000| Complete 
| 245|0x000000008f500000, 0x000000008f600000, 0x000000008f600000|100%| E|CS|TAMS 0x000000008f500000, 0x000000008f500000| Complete 

Card table byte_map: [0x000001742ca20000,0x000001742ce20000] _byte_map_base: 0x000001742c620000

Marking Bits (Prev, Next): (CMBitMap*) 0x0000017414a4fe40, (CMBitMap*) 0x0000017414a4fe80
 Prev Bits: [0x000001742d220000, 0x000001742f220000)
 Next Bits: [0x000001742f220000, 0x0000017431220000)

Polling page: 0x0000017412ed0000

Metaspace:

Usage:
  Non-class:     65.22 MB used.
      Class:     10.50 MB used.
       Both:     75.72 MB used.

Virtual space:
  Non-class space:      128.00 MB reserved,      65.62 MB ( 51%) committed,  2 nodes.
      Class space:      416.00 MB reserved,      10.88 MB (  3%) committed,  1 nodes.
             Both:      544.00 MB reserved,      76.50 MB ( 14%) committed. 

Chunk freelists:
   Non-Class:  14.26 MB
       Class:  5.09 MB
        Both:  19.35 MB

MaxMetaspaceSize: 512.00 MB
CompressedClassSpaceSize: 416.00 MB
Initial GC threshold: 21.00 MB
Current GC threshold: 111.25 MB
CDS: on
MetaspaceReclaimPolicy: balanced
 - commit_granule_bytes: 65536.
 - commit_granule_words: 8192.
 - virtual_space_node_default_size: 8388608.
 - enlarge_chunks_in_place: 1.
 - new_chunks_are_fully_committed: 0.
 - uncommit_free_chunks: 1.
 - use_allocation_guard: 0.
 - handle_deallocations: 1.


Internal statistics:

num_allocs_failed_limit: 6.
num_arena_births: 1078.
num_arena_deaths: 0.
num_vsnodes_births: 3.
num_vsnodes_deaths: 0.
num_space_committed: 1224.
num_space_uncommitted: 0.
num_chunks_returned_to_freelist: 6.
num_chunks_taken_from_freelist: 4285.
num_chunk_merges: 6.
num_chunk_splits: 2711.
num_chunks_enlarged: 1721.
num_inconsistent_stats: 0.

CodeHeap 'non-profiled nmethods': size=119168Kb used=4736Kb max_used=4736Kb free=114432Kb
 bounds [0x0000017424210000, 0x00000174246b0000, 0x000001742b670000]
CodeHeap 'profiled nmethods': size=119104Kb used=17881Kb max_used=17881Kb free=101222Kb
 bounds [0x000001741c670000, 0x000001741d7f0000, 0x0000017423ac0000]
CodeHeap 'non-nmethods': size=7488Kb used=4118Kb max_used=4175Kb free=3369Kb
 bounds [0x0000017423ac0000, 0x0000017423ee0000, 0x0000017424210000]
 total_blobs=9897 nmethods=8932 adapters=873
 compilation: enabled
              stopped_count=0, restarted_count=0
 full_count=0

Compilation events (20 events):
Event: 15.326 Thread 0x0000017434498200 9743       3       java.util.Formatter$FormatSpecifier::printString (107 bytes)
Event: 15.327 Thread 0x0000017434498200 nmethod 9743 0x000001741d7e1c90 code [0x000001741d7e1f60, 0x000001741d7e2eb8]
Event: 15.329 Thread 0x00000174344777a0 9744       1       org.gradle.launcher.daemon.server.exec.LogToClient::access$100 (5 bytes)
Event: 15.329 Thread 0x00000174344777a0 nmethod 9744 0x00000174246a0c90 code [0x00000174246a0e20, 0x00000174246a0ed8]
Event: 15.330 Thread 0x0000017434364d60 9745       3       java.util.HashMap$HashMapSpliterator::getFence (53 bytes)
Event: 15.331 Thread 0x0000017434364d60 nmethod 9745 0x000001741d7e3410 code [0x000001741d7e35a0, 0x000001741d7e3758]
Event: 15.340 Thread 0x00000174344777a0 9747       3       java.lang.ProcessEnvironment$CheckedEntry::getValue (13 bytes)
Event: 15.340 Thread 0x0000017434498200 9746       3       java.lang.ProcessEnvironment$CheckedEntry::getValue (5 bytes)
Event: 15.341 Thread 0x00000174344777a0 nmethod 9747 0x000001741d7e3810 code [0x000001741d7e39c0, 0x000001741d7e3c88]
Event: 15.341 Thread 0x0000017434498200 nmethod 9746 0x000001741d7e3d90 code [0x000001741d7e3f40, 0x000001741d7e4288]
Event: 15.347 Thread 0x00000174344777a0 9749       3       org.slf4j.impl.StaticLoggerBinder::getSingleton (4 bytes)
Event: 15.347 Thread 0x00000174344777a0 nmethod 9749 0x000001741d7e4390 code [0x000001741d7e4520, 0x000001741d7e4618]
Event: 15.350 Thread 0x0000017434498200 9751       3       java.lang.ProcessEnvironment$EntryComparator::compare (13 bytes)
Event: 15.350 Thread 0x0000017434364d60 9752       3       java.lang.ProcessEnvironment$EntryComparator::compare (25 bytes)
Event: 15.351 Thread 0x0000017434364d60 nmethod 9752 0x000001741d7e4690 code [0x000001741d7e4860, 0x000001741d7e4d48]
Event: 15.351 Thread 0x0000017434498200 nmethod 9751 0x000001741d7e4e90 code [0x000001741d7e5080, 0x000001741d7e57e8]
Event: 15.365 Thread 0x0000017434498200 9755   !   3       org.slf4j.LoggerFactory::getILoggerFactory (103 bytes)
Event: 15.366 Thread 0x0000017434498200 nmethod 9755 0x000001741d7e5990 code [0x000001741d7e5bc0, 0x000001741d7e6278]
Event: 15.440 Thread 0x000001745814f640 nmethod 9701 0x00000174246a1d10 code [0x00000174246a30a0, 0x00000174246aae60]
Event: 15.440 Thread 0x000001745814f640 9711       4       groovy.lang.MetaClassImpl$1MOPIter::methodNameAction (325 bytes)

GC Heap History (20 events):
Event: 10.505 GC heap before
{Heap before GC invocations=18 (full 0):
 garbage-first heap   total 89088K, used 70804K [0x0000000080000000, 0x0000000100000000)
  region size 1024K, 28 young (28672K), 3 survivors (3072K)
 Metaspace       used 61056K, committed 61568K, reserved 491520K
  class space    used 8418K, committed 8640K, reserved 425984K
}
Event: 10.508 GC heap after
{Heap after GC invocations=19 (full 0):
 garbage-first heap   total 89088K, used 49155K [0x0000000080000000, 0x0000000100000000)
  region size 1024K, 4 young (4096K), 4 survivors (4096K)
 Metaspace       used 61056K, committed 61568K, reserved 491520K
  class space    used 8418K, committed 8640K, reserved 425984K
}
Event: 10.860 GC heap before
{Heap before GC invocations=20 (full 0):
 garbage-first heap   total 89088K, used 77827K [0x0000000080000000, 0x0000000100000000)
  region size 1024K, 26 young (26624K), 4 survivors (4096K)
 Metaspace       used 62587K, committed 63168K, reserved 491520K
  class space    used 8619K, committed 8896K, reserved 425984K
}
Event: 10.862 GC heap after
{Heap after GC invocations=21 (full 0):
 garbage-first heap   total 89088K, used 57628K [0x0000000080000000, 0x0000000100000000)
  region size 1024K, 4 young (4096K), 4 survivors (4096K)
 Metaspace       used 62587K, committed 63168K, reserved 491520K
  class space    used 8619K, committed 8896K, reserved 425984K
}
Event: 10.877 GC heap before
{Heap before GC invocations=21 (full 0):
 garbage-first heap   total 89088K, used 58652K [0x0000000080000000, 0x0000000100000000)
  region size 1024K, 5 young (5120K), 4 survivors (4096K)
 Metaspace       used 62723K, committed 63296K, reserved 491520K
  class space    used 8633K, committed 8896K, reserved 425984K
}
Event: 10.878 GC heap after
{Heap after GC invocations=22 (full 0):
 garbage-first heap   total 89088K, used 57298K [0x0000000080000000, 0x0000000100000000)
  region size 1024K, 1 young (1024K), 1 survivors (1024K)
 Metaspace       used 62723K, committed 63296K, reserved 491520K
  class space    used 8633K, committed 8896K, reserved 425984K
}
Event: 11.087 GC heap before
{Heap before GC invocations=22 (full 0):
 garbage-first heap   total 89088K, used 71634K [0x0000000080000000, 0x0000000100000000)
  region size 1024K, 15 young (15360K), 1 survivors (1024K)
 Metaspace       used 64598K, committed 65216K, reserved 491520K
  class space    used 8873K, committed 9152K, reserved 425984K
}
Event: 11.089 GC heap after
{Heap after GC invocations=23 (full 0):
 garbage-first heap   total 89088K, used 57719K [0x0000000080000000, 0x0000000100000000)
  region size 1024K, 1 young (1024K), 1 survivors (1024K)
 Metaspace       used 64598K, committed 65216K, reserved 491520K
  class space    used 8873K, committed 9152K, reserved 425984K
}
Event: 11.289 GC heap before
{Heap before GC invocations=24 (full 0):
 garbage-first heap   total 101376K, used 73079K [0x0000000080000000, 0x0000000100000000)
  region size 1024K, 16 young (16384K), 1 survivors (1024K)
 Metaspace       used 65585K, committed 66176K, reserved 491520K
  class space    used 9040K, committed 9344K, reserved 425984K
}
Event: 11.291 GC heap after
{Heap after GC invocations=25 (full 0):
 garbage-first heap   total 101376K, used 58163K [0x0000000080000000, 0x0000000100000000)
  region size 1024K, 2 young (2048K), 2 survivors (2048K)
 Metaspace       used 65585K, committed 66176K, reserved 491520K
  class space    used 9040K, committed 9344K, reserved 425984K
}
Event: 11.314 GC heap before
{Heap before GC invocations=25 (full 0):
 garbage-first heap   total 101376K, used 59187K [0x0000000080000000, 0x0000000100000000)
  region size 1024K, 4 young (4096K), 2 survivors (2048K)
 Metaspace       used 65716K, committed 66304K, reserved 491520K
  class space    used 9056K, committed 9344K, reserved 425984K
}
Event: 11.315 GC heap after
{Heap after GC invocations=26 (full 0):
 garbage-first heap   total 101376K, used 57755K [0x0000000080000000, 0x0000000100000000)
  region size 1024K, 1 young (1024K), 1 survivors (1024K)
 Metaspace       used 65716K, committed 66304K, reserved 491520K
  class space    used 9056K, committed 9344K, reserved 425984K
}
Event: 11.629 GC heap before
{Heap before GC invocations=26 (full 0):
 garbage-first heap   total 101376K, used 82331K [0x0000000080000000, 0x0000000100000000)
  region size 1024K, 26 young (26624K), 1 survivors (1024K)
 Metaspace       used 67433K, committed 68032K, reserved 491520K
  class space    used 9269K, committed 9536K, reserved 425984K
}
Event: 11.631 GC heap after
{Heap after GC invocations=27 (full 0):
 garbage-first heap   total 152576K, used 58608K [0x0000000080000000, 0x0000000100000000)
  region size 1024K, 2 young (2048K), 2 survivors (2048K)
 Metaspace       used 67433K, committed 68032K, reserved 491520K
  class space    used 9269K, committed 9536K, reserved 425984K
}
Event: 12.493 GC heap before
{Heap before GC invocations=28 (full 0):
 garbage-first heap   total 152576K, used 124144K [0x0000000080000000, 0x0000000100000000)
  region size 1024K, 66 young (67584K), 2 survivors (2048K)
 Metaspace       used 72111K, committed 72832K, reserved 491520K
  class space    used 10016K, committed 10368K, reserved 425984K
}
Event: 12.495 GC heap after
{Heap after GC invocations=29 (full 0):
 garbage-first heap   total 152576K, used 60734K [0x0000000080000000, 0x0000000100000000)
  region size 1024K, 4 young (4096K), 4 survivors (4096K)
 Metaspace       used 72111K, committed 72832K, reserved 491520K
  class space    used 10016K, committed 10368K, reserved 425984K
}
Event: 12.551 GC heap before
{Heap before GC invocations=29 (full 0):
 garbage-first heap   total 152576K, used 63806K [0x0000000080000000, 0x0000000100000000)
  region size 1024K, 7 young (7168K), 4 survivors (4096K)
 Metaspace       used 72324K, committed 73024K, reserved 491520K
  class space    used 10047K, committed 10368K, reserved 425984K
}
Event: 12.554 GC heap after
{Heap after GC invocations=30 (full 0):
 garbage-first heap   total 152576K, used 60862K [0x0000000080000000, 0x0000000100000000)
  region size 1024K, 1 young (1024K), 1 survivors (1024K)
 Metaspace       used 72324K, committed 73024K, reserved 491520K
  class space    used 10047K, committed 10368K, reserved 425984K
}
Event: 14.781 GC heap before
{Heap before GC invocations=30 (full 0):
 garbage-first heap   total 152576K, used 124350K [0x0000000080000000, 0x0000000100000000)
  region size 1024K, 64 young (65536K), 1 survivors (1024K)
 Metaspace       used 74874K, committed 75648K, reserved 491520K
  class space    used 10370K, committed 10752K, reserved 425984K
}
Event: 14.785 GC heap after
{Heap after GC invocations=31 (full 0):
 garbage-first heap   total 152576K, used 65832K [0x0000000080000000, 0x0000000100000000)
  region size 1024K, 6 young (6144K), 6 survivors (6144K)
 Metaspace       used 74874K, committed 75648K, reserved 491520K
  class space    used 10370K, committed 10752K, reserved 425984K
}

Dll operation events (15 events):
Event: 0.010 Loaded shared library C:\Program Files\Zulu\zulu-17\bin\java.dll
Event: 0.025 Loaded shared library C:\Program Files\Zulu\zulu-17\bin\jsvml.dll
Event: 0.065 Loaded shared library C:\Program Files\Zulu\zulu-17\bin\zip.dll
Event: 0.068 Loaded shared library C:\Program Files\Zulu\zulu-17\bin\instrument.dll
Event: 0.071 Loaded shared library C:\Program Files\Zulu\zulu-17\bin\net.dll
Event: 0.072 Loaded shared library C:\Program Files\Zulu\zulu-17\bin\nio.dll
Event: 0.074 Loaded shared library C:\Program Files\Zulu\zulu-17\bin\zip.dll
Event: 0.267 Loaded shared library C:\Program Files\Zulu\zulu-17\bin\jimage.dll
Event: 0.425 Loaded shared library C:\Program Files\Zulu\zulu-17\bin\verify.dll
Event: 0.491 Loaded shared library C:\Users\besto\.gradle\native\1def1411415f61bf3af743bc5b6707747c0891f09f0c88961ee8f79bc544acac\windows-amd64\native-platform.dll
Event: 0.505 Loaded shared library C:\Users\besto\.gradle\native\0.2.7\x86_64-windows-gnu\gradle-fileevents.dll
Event: 1.482 Loaded shared library C:\Program Files\Zulu\zulu-17\bin\management.dll
Event: 1.484 Loaded shared library C:\Program Files\Zulu\zulu-17\bin\management_ext.dll
Event: 1.704 Loaded shared library C:\Program Files\Zulu\zulu-17\bin\extnet.dll
Event: 1.903 Loaded shared library C:\Program Files\Zulu\zulu-17\bin\sunmscapi.dll

Deoptimization events (20 events):
Event: 15.309 Thread 0x00000174554ce890 Uncommon trap: trap_request=0xffffff45 fr.pc=0x000001742449947c relative=0x000000000000015c
Event: 15.310 Thread 0x00000174554ce890 Uncommon trap: reason=unstable_if action=reinterpret pc=0x000001742449947c method=java.util.stream.AbstractPipeline.evaluate(Ljava/util/stream/TerminalOp;)Ljava/lang/Object; @ 53 c2
Event: 15.310 Thread 0x00000174554ce890 DEOPT PACKING pc=0x000001742449947c sp=0x0000006795af59a0
Event: 15.310 Thread 0x00000174554ce890 DEOPT UNPACKING pc=0x0000017423b169a3 sp=0x0000006795af5960 mode 2
Event: 15.310 Thread 0x00000174554ce890 Uncommon trap: trap_request=0xffffff45 fr.pc=0x0000017424497c84 relative=0x0000000000000104
Event: 15.310 Thread 0x00000174554ce890 Uncommon trap: reason=unstable_if action=reinterpret pc=0x0000017424497c84 method=java.util.stream.AbstractPipeline.sourceSpliterator(I)Ljava/util/Spliterator; @ 82 c2
Event: 15.310 Thread 0x00000174554ce890 DEOPT PACKING pc=0x0000017424497c84 sp=0x0000006795af5920
Event: 15.310 Thread 0x00000174554ce890 DEOPT UNPACKING pc=0x0000017423b169a3 sp=0x0000006795af58b0 mode 2
Event: 15.330 Thread 0x00000174554ce890 Uncommon trap: trap_request=0xffffff45 fr.pc=0x0000017424439ae0 relative=0x0000000000000060
Event: 15.330 Thread 0x00000174554ce890 Uncommon trap: reason=unstable_if action=reinterpret pc=0x0000017424439ae0 method=java.util.HashMap$KeySpliterator.characteristics()I @ 4 c2
Event: 15.330 Thread 0x00000174554ce890 DEOPT PACKING pc=0x0000017424439ae0 sp=0x0000006795af5d90
Event: 15.330 Thread 0x00000174554ce890 DEOPT UNPACKING pc=0x0000017423b169a3 sp=0x0000006795af5d28 mode 2
Event: 15.336 Thread 0x0000017434489980 Uncommon trap: trap_request=0xffffff45 fr.pc=0x0000017424619e50 relative=0x0000000000002410
Event: 15.336 Thread 0x0000017434489980 Uncommon trap: reason=unstable_if action=reinterpret pc=0x0000017424619e50 method=org.objectweb.asm.MethodWriter.putMethodInfo(Lorg/objectweb/asm/ByteVector;)V @ 9 c2
Event: 15.336 Thread 0x0000017434489980 DEOPT PACKING pc=0x0000017424619e50 sp=0x000000679affe4d0
Event: 15.336 Thread 0x0000017434489980 DEOPT UNPACKING pc=0x0000017423b169a3 sp=0x000000679affe480 mode 2
Event: 15.366 Thread 0x000001743448db50 Uncommon trap: trap_request=0xffffffc6 fr.pc=0x0000017424240658 relative=0x0000000000000ab8
Event: 15.366 Thread 0x000001743448db50 Uncommon trap: reason=bimorphic_or_optimized_type_check action=maybe_recompile pc=0x0000017424240658 method=java.io.BufferedInputStream.read1([BII)I @ 39 c2
Event: 15.366 Thread 0x000001743448db50 DEOPT PACKING pc=0x0000017424240658 sp=0x000000679bafee60
Event: 15.366 Thread 0x000001743448db50 DEOPT UNPACKING pc=0x0000017423b169a3 sp=0x000000679bafed78 mode 2

Classes loaded (20 events):
Event: 15.200 Loading class java/util/Spliterators$IntArraySpliterator
Event: 15.201 Loading class java/util/Spliterators$IntArraySpliterator done
Event: 15.206 Loading class java/text/ParsePosition
Event: 15.206 Loading class java/text/ParsePosition done
Event: 15.213 Loading class java/text/CharacterIterator
Event: 15.214 Loading class java/text/CharacterIterator done
Event: 15.305 Loading class java/util/stream/ReferencePipeline$15
Event: 15.306 Loading class java/util/stream/ReferencePipeline$15 done
Event: 15.314 Loading class java/util/stream/ReferencePipeline$15$1
Event: 15.315 Loading class java/util/stream/ReferencePipeline$15$1 done
Event: 15.349 Loading class java/lang/ProcessImpl
Event: 15.350 Loading class java/lang/ProcessImpl done
Event: 15.358 Loading class java/lang/ProcessHandleImpl
Event: 15.358 Loading class java/lang/ProcessHandleImpl done
Event: 15.360 Loading class java/lang/ProcessImpl$2
Event: 15.361 Loading class java/lang/ProcessImpl$2 done
Event: 15.361 Loading class java/lang/Process$PipeInputStream
Event: 15.361 Loading class java/lang/Process$PipeInputStream done
Event: 15.362 Loading class jdk/internal/event/ProcessStartEvent
Event: 15.364 Loading class jdk/internal/event/ProcessStartEvent done

Classes unloaded (0 events):
No events

Classes redefined (0 events):
No events

Internal exceptions (20 events):
Event: 15.138 Thread 0x00000174554ce890 Exception <a 'java/lang/ClassNotFoundException'{0x0000000087cd6cc8}: org/gradle/api/internal/project/DefaultProjectCustomizer> (0x0000000087cd6cc8) 
thrown [s\src\hotspot\share\classfile\systemDictionary.cpp, line 259]
Event: 15.146 Thread 0x00000174554ce890 Exception <a 'java/lang/ClassNotFoundException'{0x0000000087b96ff0}: org/gradle/api/internal/project/DefaultProject_DecoratedCustomizer> (0x0000000087b96ff0) 
thrown [s\src\hotspot\share\classfile\systemDictionary.cpp, line 259]
Event: 15.189 Thread 0x00000174554ce890 Exception <a 'java/lang/IncompatibleClassChangeError'{0x000000008794eb08}: Found class java.lang.Object, but interface was expected> (0x000000008794eb08) 
thrown [s\src\hotspot\share\interpreter\linkResolver.cpp, line 826]
Event: 15.229 Thread 0x00000174554ce890 Exception <a 'java/lang/ClassNotFoundException'{0x0000000087725980}: org/gradle/api/internal/project/DefaultAntBuilderBeanInfo> (0x0000000087725980) 
thrown [s\src\hotspot\share\classfile\systemDictionary.cpp, line 259]
Event: 15.230 Thread 0x00000174554ce890 Exception <a 'java/lang/ClassNotFoundException'{0x0000000087734890}: org/gradle/api/internal/project/ant/BasicAntBuilderBeanInfo> (0x0000000087734890) 
thrown [s\src\hotspot\share\classfile\systemDictionary.cpp, line 259]
Event: 15.230 Thread 0x00000174554ce890 Exception <a 'java/lang/ClassNotFoundException'{0x0000000087743398}: org/gradle/api/AntBuilderBeanInfo> (0x0000000087743398) 
thrown [s\src\hotspot\share\classfile\systemDictionary.cpp, line 259]
Event: 15.231 Thread 0x00000174554ce890 Exception <a 'java/lang/ClassNotFoundException'{0x0000000087753de0}: groovy/ant/AntBuilderBeanInfo> (0x0000000087753de0) 
thrown [s\src\hotspot\share\classfile\systemDictionary.cpp, line 259]
Event: 15.232 Thread 0x00000174554ce890 Exception <a 'java/lang/ClassNotFoundException'{0x0000000087799440}: groovy/util/BuilderSupportBeanInfo> (0x0000000087799440) 
thrown [s\src\hotspot\share\classfile\systemDictionary.cpp, line 259]
Event: 15.235 Thread 0x00000174554ce890 Exception <a 'java/lang/ClassNotFoundException'{0x00000000877deac0}: groovy/util/BuilderSupportCustomizer> (0x00000000877deac0) 
thrown [s\src\hotspot\share\classfile\systemDictionary.cpp, line 259]
Event: 15.236 Thread 0x00000174554ce890 Exception <a 'java/lang/ClassNotFoundException'{0x00000000877f1ca0}: groovy/ant/AntBuilderCustomizer> (0x00000000877f1ca0) 
thrown [s\src\hotspot\share\classfile\systemDictionary.cpp, line 259]
Event: 15.237 Thread 0x00000174554ce890 Exception <a 'java/lang/ClassNotFoundException'{0x00000000876050c8}: org/gradle/api/AntBuilderCustomizer> (0x00000000876050c8) 
thrown [s\src\hotspot\share\classfile\systemDictionary.cpp, line 259]
Event: 15.239 Thread 0x00000174554ce890 Exception <a 'java/lang/ClassNotFoundException'{0x000000008761f158}: org/gradle/api/internal/project/ant/BasicAntBuilderCustomizer> (0x000000008761f158) 
thrown [s\src\hotspot\share\classfile\systemDictionary.cpp, line 259]
Event: 15.241 Thread 0x00000174554ce890 Exception <a 'java/lang/ClassNotFoundException'{0x00000000876409f8}: org/gradle/api/internal/project/DefaultAntBuilderCustomizer> (0x00000000876409f8) 
thrown [s\src\hotspot\share\classfile\systemDictionary.cpp, line 259]
Event: 15.288 Thread 0x00000174554ce890 Implicit null exception at 0x000001742443794b to 0x0000017424437970
Event: 15.294 Thread 0x00000174554ce890 Exception <a 'java/lang/NoSuchMethodError'{0x000000008744f5b0}: 'java.lang.Object java.lang.invoke.DirectMethodHandle$Holder.newInvokeSpecial(java.lang.Object, java.lang.Object, java.lang.Object, java.lang.Object, java.lang.Object, java.lang.Object, int)'> (0x000000008744f5b0) 
thrown [s\src\hotspot\share\interpreter\linkResolver.cpp, line 759]
Event: 15.295 Thread 0x00000174554ce890 Exception <a 'java/lang/NoSuchMethodError'{0x00000000874557b0}: 'java.lang.Object java.lang.invoke.DirectMethodHandle$Holder.invokeSpecial(java.lang.Object, java.lang.Object, java.lang.Object, java.lang.Object, java.lang.Object, java.lang.Object, java.lang.Object, int)'> (0x00000000874557b0) 
thrown [s\src\hotspot\share\interpreter\linkResolver.cpp, line 759]
Event: 15.296 Thread 0x00000174554ce890 Exception <a 'java/lang/NoSuchMethodError'{0x000000008745b380}: 'java.lang.Object java.lang.invoke.Invokers$Holder.linkToTargetMethod(java.lang.Object, java.lang.Object, java.lang.Object, java.lang.Object, java.lang.Object, int, java.lang.Object)'> (0x000000008745b380) 
thrown [s\src\hotspot\share\interpreter\linkResolver.cpp, line 759]
Event: 15.357 Thread 0x000001743448c200 Exception <a 'java/lang/NoSuchMethodError'{0x00000000871cb040}: 'void java.lang.invoke.DirectMethodHandle$Holder.invokeStatic(java.lang.Object, long)'> (0x00000000871cb040) 
thrown [s\src\hotspot\share\interpreter\linkResolver.cpp, line 759]
Event: 15.359 Thread 0x000001743448c200 Exception <a 'java/lang/NoSuchMethodError'{0x00000000871d5e18}: 'java.lang.Object java.lang.invoke.DirectMethodHandle$Holder.invokeStatic(java.lang.Object, java.lang.Object, long, java.lang.Object)'> (0x00000000871d5e18) 
thrown [s\src\hotspot\share\interpreter\linkResolver.cpp, line 759]
Event: 15.360 Thread 0x000001743448c200 Exception <a 'java/lang/NoSuchMethodError'{0x00000000871d95f0}: 'java.lang.Object java.lang.invoke.DirectMethodHandle$Holder.invokeStaticInit(java.lang.Object, java.lang.Object, long, java.lang.Object)'> (0x00000000871d95f0) 
thrown [s\src\hotspot\share\interpreter\linkResolver.cpp, line 759]

VM Operations (20 events):
Event: 13.562 Executing VM operation: Cleanup
Event: 13.562 Executing VM operation: Cleanup done
Event: 13.754 Executing VM operation: HandshakeAllThreads
Event: 13.754 Executing VM operation: HandshakeAllThreads done
Event: 14.271 Executing VM operation: ICBufferFull
Event: 14.271 Executing VM operation: ICBufferFull done
Event: 14.725 Executing VM operation: ICBufferFull
Event: 14.726 Executing VM operation: ICBufferFull done
Event: 14.735 Executing VM operation: HandshakeAllThreads
Event: 14.735 Executing VM operation: HandshakeAllThreads done
Event: 14.781 Executing VM operation: G1CollectForAllocation
Event: 14.785 Executing VM operation: G1CollectForAllocation done
Event: 15.330 Executing VM operation: ICBufferFull
Event: 15.331 Executing VM operation: ICBufferFull done
Event: 15.331 Executing VM operation: ICBufferFull
Event: 15.331 Executing VM operation: ICBufferFull done
Event: 15.362 Executing VM operation: HandshakeAllThreads
Event: 15.362 Executing VM operation: HandshakeAllThreads done
Event: 16.368 Executing VM operation: Cleanup
Event: 16.368 Executing VM operation: Cleanup done

Memory protections (0 events):
No events

Nmethod flushes (20 events):
Event: 6.181 Thread 0x000001743436e9b0 flushing  nmethod 0x000001741ce7d390
Event: 6.181 Thread 0x000001743436e9b0 flushing  nmethod 0x000001741ce81510
Event: 6.181 Thread 0x000001743436e9b0 flushing  nmethod 0x000001741ce82c90
Event: 6.181 Thread 0x000001743436e9b0 flushing  nmethod 0x000001741ce89590
Event: 6.181 Thread 0x000001743436e9b0 flushing  nmethod 0x000001741ce90e90
Event: 6.181 Thread 0x000001743436e9b0 flushing  nmethod 0x000001741ce91910
Event: 6.181 Thread 0x000001743436e9b0 flushing  nmethod 0x000001741ce92710
Event: 6.181 Thread 0x000001743436e9b0 flushing  nmethod 0x000001741ce93410
Event: 6.181 Thread 0x000001743436e9b0 flushing  nmethod 0x000001741ce94210
Event: 6.181 Thread 0x000001743436e9b0 flushing  nmethod 0x000001741ce95310
Event: 6.181 Thread 0x000001743436e9b0 flushing  nmethod 0x000001741ce9fb90
Event: 6.181 Thread 0x000001743436e9b0 flushing  nmethod 0x000001741ceccd90
Event: 6.181 Thread 0x000001743436e9b0 flushing  nmethod 0x000001741cf5be90
Event: 6.181 Thread 0x000001743436e9b0 flushing  nmethod 0x000001741cfc4990
Event: 6.182 Thread 0x000001743436e9b0 flushing  nmethod 0x000001741d01e710
Event: 6.182 Thread 0x000001743436e9b0 flushing  nmethod 0x000001741d05ca10
Event: 11.347 Thread 0x000001743436e9b0 flushing  nmethod 0x000001741c6cfa10
Event: 11.347 Thread 0x000001743436e9b0 flushing  nmethod 0x000001741c6e0610
Event: 11.350 Thread 0x000001743436e9b0 flushing  nmethod 0x000001741ca49a90
Event: 11.352 Thread 0x000001743436e9b0 flushing  nmethod 0x000001741cc4af10

Events (20 events):
Event: 11.121 Thread 0x00000174554ce890 Thread added: 0x0000017456c76cf0
Event: 11.790 Thread 0x00000174554ce890 Thread added: 0x0000017456c7a9b0
Event: 13.069 Thread 0x00000174578764b0 Thread exited: 0x00000174578764b0
Event: 13.995 Thread 0x00000174344777a0 Thread added: 0x000001745814f640
Event: 15.314 Thread 0x00000174554ce890 Thread added: 0x0000017434489e90
Event: 15.315 Thread 0x0000017434489e90 Thread added: 0x000001743448a3a0
Event: 15.316 Thread 0x0000017434489e90 Thread added: 0x000001743448adc0
Event: 15.316 Thread 0x000001743448a3a0 Thread added: 0x0000017434488a50
Event: 15.316 Thread 0x000001743448a3a0 Thread added: 0x0000017434489980
Event: 15.316 Thread 0x000001743448a3a0 Thread added: 0x000001743448a8b0
Event: 15.316 Thread 0x0000017434488a50 Thread added: 0x000001743448bcf0
Event: 15.316 Thread 0x000001743448a8b0 Thread added: 0x0000017434488540
Event: 15.317 Thread 0x000001743448a8b0 Thread added: 0x0000017434489470
Event: 15.317 Thread 0x000001743448a8b0 Thread added: 0x000001743448e060
Event: 15.317 Thread 0x000001743448a3a0 Thread added: 0x000001743448ea80
Event: 15.348 Thread 0x0000017434489980 Thread added: 0x000001743448c200
Event: 15.348 Thread 0x0000017434489980 Thread added: 0x000001743448cc20
Event: 15.366 Thread 0x000001743448c200 Thread added: 0x000001743448c710
Event: 15.366 Thread 0x0000017434489980 Thread added: 0x000001743448d640
Event: 15.366 Thread 0x000001743448c200 Thread added: 0x000001743448db50


Dynamic libraries:
0x00007ff654e50000 - 0x00007ff654e5e000 	C:\Program Files\Zulu\zulu-17\bin\java.exe
0x00007ff992d40000 - 0x00007ff992fa5000 	C:\WINDOWS\SYSTEM32\ntdll.dll
0x00007ff9926b0000 - 0x00007ff992779000 	C:\WINDOWS\System32\KERNEL32.DLL
0x00007ff990230000 - 0x00007ff990618000 	C:\WINDOWS\System32\KERNELBASE.dll
0x00007ff98fe90000 - 0x00007ff98ffdb000 	C:\WINDOWS\System32\ucrtbase.dll
0x00007ff983590000 - 0x00007ff9835a9000 	C:\Program Files\Zulu\zulu-17\bin\jli.dll
0x00007ff983570000 - 0x00007ff98358e000 	C:\Program Files\Zulu\zulu-17\bin\VCRUNTIME140.dll
0x00007ff990ae0000 - 0x00007ff990caa000 	C:\WINDOWS\System32\USER32.dll
0x00007ff97f310000 - 0x00007ff97f5aa000 	C:\WINDOWS\WinSxS\amd64_microsoft.windows.common-controls_6595b64144ccf1df_6.0.26100.4202_none_3e0698d4e335f517\COMCTL32.dll
0x00007ff992380000 - 0x00007ff992429000 	C:\WINDOWS\System32\msvcrt.dll
0x00007ff990200000 - 0x00007ff990227000 	C:\WINDOWS\System32\win32u.dll
0x00007ff991ec0000 - 0x00007ff991eeb000 	C:\WINDOWS\System32\GDI32.dll
0x00007ff990770000 - 0x00007ff9908a7000 	C:\WINDOWS\System32\gdi32full.dll
0x00007ff9908b0000 - 0x00007ff990953000 	C:\WINDOWS\System32\msvcp_win.dll
0x00007ff991e30000 - 0x00007ff991e60000 	C:\WINDOWS\System32\IMM32.DLL
0x00007ff983a10000 - 0x00007ff983a1c000 	C:\Program Files\Zulu\zulu-17\bin\vcruntime140_1.dll
0x00007ff9390d0000 - 0x00007ff93915d000 	C:\Program Files\Zulu\zulu-17\bin\msvcp140.dll
0x00007ff8efff0000 - 0x00007ff8f0c65000 	C:\Program Files\Zulu\zulu-17\bin\server\jvm.dll
0x00007ff991bc0000 - 0x00007ff991c73000 	C:\WINDOWS\System32\ADVAPI32.dll
0x00007ff992430000 - 0x00007ff9924d6000 	C:\WINDOWS\System32\sechost.dll
0x00007ff992a50000 - 0x00007ff992b65000 	C:\WINDOWS\System32\RPCRT4.dll
0x00007ff9924e0000 - 0x00007ff992554000 	C:\WINDOWS\System32\WS2_32.dll
0x00007ff98eab0000 - 0x00007ff98eb0e000 	C:\WINDOWS\SYSTEM32\POWRPROF.dll
0x00007ff9887d0000 - 0x00007ff988805000 	C:\WINDOWS\SYSTEM32\WINMM.dll
0x00007ff988810000 - 0x00007ff98881b000 	C:\WINDOWS\SYSTEM32\VERSION.dll
0x00007ff98ea90000 - 0x00007ff98eaa4000 	C:\WINDOWS\SYSTEM32\UMPDC.dll
0x00007ff98ed70000 - 0x00007ff98ed8b000 	C:\WINDOWS\SYSTEM32\kernel.appcore.dll
0x00007ff9837a0000 - 0x00007ff9837aa000 	C:\Program Files\Zulu\zulu-17\bin\jimage.dll
0x00007ff98ccb0000 - 0x00007ff98cef1000 	C:\WINDOWS\SYSTEM32\DBGHELP.DLL
0x00007ff990de0000 - 0x00007ff991165000 	C:\WINDOWS\System32\combase.dll
0x00007ff991a50000 - 0x00007ff991b31000 	C:\WINDOWS\System32\OLEAUT32.dll
0x00007ff96ee10000 - 0x00007ff96ee49000 	C:\WINDOWS\SYSTEM32\dbgcore.DLL
0x00007ff98ffe0000 - 0x00007ff990079000 	C:\WINDOWS\System32\bcryptPrimitives.dll
0x00007ff96e5c0000 - 0x00007ff96e5ce000 	C:\Program Files\Zulu\zulu-17\bin\instrument.dll
0x00007ff983540000 - 0x00007ff983565000 	C:\Program Files\Zulu\zulu-17\bin\java.dll
0x00007ff938ff0000 - 0x00007ff9390c7000 	C:\Program Files\Zulu\zulu-17\bin\jsvml.dll
0x00007ff991170000 - 0x00007ff9918b2000 	C:\WINDOWS\System32\SHELL32.dll
0x00007ff990080000 - 0x00007ff9901f4000 	C:\WINDOWS\System32\wintypes.dll
0x00007ff98daf0000 - 0x00007ff98e348000 	C:\WINDOWS\SYSTEM32\windows.storage.dll
0x00007ff9918c0000 - 0x00007ff9919b1000 	C:\WINDOWS\System32\SHCORE.dll
0x00007ff9925e0000 - 0x00007ff99264a000 	C:\WINDOWS\System32\shlwapi.dll
0x00007ff98fda0000 - 0x00007ff98fdcf000 	C:\WINDOWS\SYSTEM32\profapi.dll
0x00007ff9832e0000 - 0x00007ff9832f8000 	C:\Program Files\Zulu\zulu-17\bin\zip.dll
0x00007ff983520000 - 0x00007ff983539000 	C:\Program Files\Zulu\zulu-17\bin\net.dll
0x00007ff98aa10000 - 0x00007ff98ab2e000 	C:\WINDOWS\SYSTEM32\WINHTTP.dll
0x00007ff98f2e0000 - 0x00007ff98f34a000 	C:\WINDOWS\system32\mswsock.dll
0x00007ff983300000 - 0x00007ff983316000 	C:\Program Files\Zulu\zulu-17\bin\nio.dll
0x00007ff9832d0000 - 0x00007ff9832e0000 	C:\Program Files\Zulu\zulu-17\bin\verify.dll
0x00007ff958b80000 - 0x00007ff958ba7000 	C:\Users\besto\.gradle\native\1def1411415f61bf3af743bc5b6707747c0891f09f0c88961ee8f79bc544acac\windows-amd64\native-platform.dll
0x00007ff93a9b0000 - 0x00007ff93aa28000 	C:\Users\besto\.gradle\native\0.2.7\x86_64-windows-gnu\gradle-fileevents.dll
0x00007ff9832c0000 - 0x00007ff9832c9000 	C:\Program Files\Zulu\zulu-17\bin\management.dll
0x00007ff971f20000 - 0x00007ff971f2b000 	C:\Program Files\Zulu\zulu-17\bin\management_ext.dll
0x00007ff992a40000 - 0x00007ff992a48000 	C:\WINDOWS\System32\PSAPI.DLL
0x00007ff98e7a0000 - 0x00007ff98e7d3000 	C:\WINDOWS\SYSTEM32\IPHLPAPI.DLL
0x00007ff992b80000 - 0x00007ff992b8a000 	C:\WINDOWS\System32\NSI.dll
0x00007ff98acf0000 - 0x00007ff98ad0f000 	C:\WINDOWS\SYSTEM32\dhcpcsvc6.DLL
0x00007ff98ab60000 - 0x00007ff98ab85000 	C:\WINDOWS\SYSTEM32\dhcpcsvc.DLL
0x00007ff98e7e0000 - 0x00007ff98e907000 	C:\WINDOWS\SYSTEM32\DNSAPI.dll
0x00007ff970eb0000 - 0x00007ff970eb9000 	C:\Program Files\Zulu\zulu-17\bin\extnet.dll
0x00007ff98f590000 - 0x00007ff98f5ab000 	C:\WINDOWS\SYSTEM32\CRYPTSP.dll
0x00007ff98ecd0000 - 0x00007ff98ed0a000 	C:\WINDOWS\system32\rsaenh.dll
0x00007ff98f380000 - 0x00007ff98f3ab000 	C:\WINDOWS\SYSTEM32\USERENV.dll
0x00007ff98fd70000 - 0x00007ff98fd96000 	C:\WINDOWS\SYSTEM32\bcrypt.dll
0x00007ff98f5b0000 - 0x00007ff98f5bc000 	C:\WINDOWS\SYSTEM32\CRYPTBASE.dll
0x00007ff988f90000 - 0x00007ff988f9e000 	C:\Program Files\Zulu\zulu-17\bin\sunmscapi.dll
0x00007ff990960000 - 0x00007ff990ad7000 	C:\WINDOWS\System32\CRYPT32.dll
0x00007ff98f7b0000 - 0x00007ff98f7e0000 	C:\WINDOWS\SYSTEM32\ncrypt.dll
0x00007ff98f760000 - 0x00007ff98f79f000 	C:\WINDOWS\SYSTEM32\NTASN1.dll
0x00007ff8e45f0000 - 0x00007ff8e45f8000 	C:\WINDOWS\system32\wshunix.dll
0x00007ff988f80000 - 0x00007ff988f8b000 	C:\Windows\System32\rasadhlp.dll
0x00007ff98ad30000 - 0x00007ff98adb6000 	C:\WINDOWS\System32\fwpuclnt.dll

dbghelp: loaded successfully - version: 4.0.5 - missing functions: none
symbol engine: initialized successfully - sym options: 0x614 - pdb path: .;C:\Program Files\Zulu\zulu-17\bin;C:\WINDOWS\SYSTEM32;C:\WINDOWS\WinSxS\amd64_microsoft.windows.common-controls_6595b64144ccf1df_6.0.26100.4202_none_3e0698d4e335f517;C:\Program Files\Zulu\zulu-17\bin\server;C:\Users\besto\.gradle\native\1def1411415f61bf3af743bc5b6707747c0891f09f0c88961ee8f79bc544acac\windows-amd64;C:\Users\besto\.gradle\native\0.2.7\x86_64-windows-gnu

VM Arguments:
jvm_args: --add-opens=java.base/java.lang=ALL-UNNAMED --add-opens=java.base/java.lang.invoke=ALL-UNNAMED --add-opens=java.base/java.util=ALL-UNNAMED --add-opens=java.prefs/java.util.prefs=ALL-UNNAMED --add-exports=jdk.compiler/com.sun.tools.javac.api=ALL-UNNAMED --add-exports=jdk.compiler/com.sun.tools.javac.util=ALL-UNNAMED --add-opens=java.base/java.util=ALL-UNNAMED --add-opens=java.prefs/java.util.prefs=ALL-UNNAMED --add-opens=java.base/java.nio.charset=ALL-UNNAMED --add-opens=java.base/java.net=ALL-UNNAMED --add-opens=java.base/java.util.concurrent.atomic=ALL-UNNAMED --add-opens=java.xml/javax.xml.namespace=ALL-UNNAMED -XX:MaxMetaspaceSize=512m -Xmx2048m -Dfile.encoding=windows-1252 -Duser.country=BR -Duser.language=pt -Duser.variant -javaagent:C:\Users\besto\.gradle\wrapper\dists\gradle-8.14.1-bin\baw1sv0jfoi8rxs14qo3h49cs\gradle-8.14.1\lib\agents\gradle-instrumentation-agent-8.14.1.jar 
java_command: org.gradle.launcher.daemon.bootstrap.GradleDaemon 8.14.1
java_class_path (initial): C:\Users\besto\.gradle\wrapper\dists\gradle-8.14.1-bin\baw1sv0jfoi8rxs14qo3h49cs\gradle-8.14.1\lib\gradle-daemon-main-8.14.1.jar
Launcher Type: SUN_STANDARD

[Global flags]
     intx CICompilerCount                          = 12                                        {product} {ergonomic}
   size_t CompressedClassSpaceSize                 = 436207616                                 {product} {ergonomic}
     uint ConcGCThreads                            = 3                                         {product} {ergonomic}
     uint G1ConcRefinementThreads                  = 13                                        {product} {ergonomic}
   size_t G1HeapRegionSize                         = 1048576                                   {product} {ergonomic}
    uintx GCDrainStackTargetSize                   = 64                                        {product} {ergonomic}
   size_t InitialHeapSize                          = 257949696                                 {product} {ergonomic}
   size_t MarkStackSize                            = 4194304                                   {product} {ergonomic}
   size_t MaxHeapSize                              = 2147483648                                {product} {command line}
   size_t MaxMetaspaceSize                         = 536870912                                 {product} {command line}
   size_t MaxNewSize                               = 1287651328                                {product} {ergonomic}
   size_t MinHeapDeltaBytes                        = 1048576                                   {product} {ergonomic}
   size_t MinHeapSize                              = 8388608                                   {product} {ergonomic}
    uintx NonNMethodCodeHeapSize                   = 7602480                                {pd product} {ergonomic}
    uintx NonProfiledCodeHeapSize                  = 122027880                              {pd product} {ergonomic}
    uintx ProfiledCodeHeapSize                     = 122027880                              {pd product} {ergonomic}
    uintx ReservedCodeCacheSize                    = 251658240                              {pd product} {ergonomic}
     bool SegmentedCodeCache                       = true                                      {product} {ergonomic}
   size_t SoftMaxHeapSize                          = 2147483648                             {manageable} {ergonomic}
     bool UseCompressedClassPointers               = true                           {product lp64_product} {ergonomic}
     bool UseCompressedOops                        = true                           {product lp64_product} {ergonomic}
     bool UseG1GC                                  = true                                      {product} {ergonomic}
     bool UseLargePagesIndividualAllocation        = false                                  {pd product} {ergonomic}

Logging:
Log output configuration:
 #0: stdout all=warning uptime,level,tags
 #1: stderr all=off uptime,level,tags

Environment Variables:
JAVA_HOME=C:\Program Files\Zulu\zulu-17\
PATH=C:\Users\besto\Documents\Futside1\node_modules\.bin;C:\Users\besto\Documents\Futside1\node_modules\.bin;C:\Users\besto\Documents\node_modules\.bin;C:\Users\besto\node_modules\.bin;C:\Users\node_modules\.bin;C:\node_modules\.bin;C:\Program Files\nodejs\node_modules\npm\node_modules\@npmcli\run-script\lib\node-gyp-bin;C:\Program Files\Zulu\zulu-17\bin\;C:\Program Files\Common Files\Oracle\Java\javapath;C:\Program Files (x86)\Common Files\Oracle\Java\java8path;C:\Program Files (x86)\Common Files\Oracle\Java\javapath;C:\WINDOWS\system32;C:\WINDOWS;C:\WINDOWS\System32\Wbem;C:\WINDOWS\System32\WindowsPowerShell\v1.0\;C:\WINDOWS\System32\OpenSSH\;C:\Program Files\dotnet\;C:\Program Files\nodejs\;C:\Program Files\Git\cmd;C:\Program Files\Java\jdk-23\bin;C:\Users\besto\AppData\Local\Android\Sdk\build-tools;C:\Users\besto\AppData\Local\Android\Sdk\platforms;C:\Users\besto\AppData\Local\Android\Sdk\platform-tools;;C:\Program Files (x86)\NVIDIA Corporation\PhysX\Common;C:\Program Files\NVIDIA Corporation\NVIDIA App\NvDLISR;C:\Program Files\Docker\Docker\resources\bin;C:\Users\besto\AppData\Local\Programs\Python\Python313\Scripts\;C:\Users\besto\AppData\Local\Programs\Python\Python313\;C:\Users\besto\AppData\Local\Microsoft\WindowsApps;C:\Users\besto\AppData\Local\Programs\VSCodium\bin;C:\Users\besto\AppData\Roaming\npm;C:\Users\besto\AppData\Local\Programs\cursor\resources\app\bin
USERNAME=Pedro Nascimento
LANG=pt_BR.UTF-8
OS=Windows_NT
PROCESSOR_IDENTIFIER=AMD64 Family 25 Model 80 Stepping 0, AuthenticAMD
TMP=C:\Users\besto\AppData\Local\Temp
TEMP=C:\Users\besto\AppData\Local\Temp



Periodic native trim disabled


---------------  S Y S T E M  ---------------

OS:
 Windows 11 , 64 bit Build 26100 (10.0.26100.4202)
OS uptime: 1 days 18:18 hours
Hyper-V role detected

CPU: total 16 (initial active 16) (16 cores per cpu, 2 threads per core) family 25 model 80 stepping 0 microcode 0xa500014, cx8, cmov, fxsr, ht, mmx, 3dnowpref, sse, sse2, sse3, ssse3, sse4a, sse4.1, sse4.2, popcnt, lzcnt, tsc, tscinvbit, avx, avx2, aes, erms, clmul, bmi1, bmi2, adx, sha, fma, vzeroupper, clflush, clflushopt, hv
Processor Information for all 16 processors :
  Max Mhz: 3201, Current Mhz: 3201, Mhz Limit: 3201

Memory: 4k page, system-wide physical 15720M (491M free)
TotalPageFile size 64872M (AvailPageFile size 15M)
current process WorkingSet (physical memory assigned to process): 396M, peak: 399M
current process commit charge ("private bytes"): 449M, peak: 452M

vm_info: OpenJDK 64-Bit Server VM (17.0.15+6-LTS) for windows-amd64 JRE (17.0.15+6-LTS) (Zulu17.58+21-CA), built on Apr  4 2025 15:28:26 by "zulu_re" with MS VC++ 16.10 / 16.11 (VS2019)

END.
